Initializing logger
Registering providers
 Registering github.com/cosmos/cosmos-sdk/runtime.ProvideApp (/Users/deeptanshusankhwar/go/pkg/mod/github.com/cosmos/cosmos-sdk@v0.50.13/runtime/module.go:84)
  Registering resolver for simple type codec.Codec
  Registering resolver for simple type *codec.LegacyAmino
  Registering resolver for simple type *runtime.AppBuilder
  Registering resolver for simple type *baseapp.MsgServiceRouter
  Registering resolver for simple type *baseapp.GRPCQueryRouter
  Registering resolver for one-per-module type appmodule.AppModule
  Found resolver for appmodule.AppModule: *depinject.onePerModuleResolver
  Registering resolver for simple type protodesc.Resolver
  Registering resolver for simple type protoregistry.MessageTypeResolver
 Registering resolver for many-per-container type signing.CustomGetSigner
 Registering github.com/cosmos/cosmos-sdk/runtime.ProvideInterfaceRegistry (/Users/deeptanshusankhwar/go/pkg/mod/github.com/cosmos/cosmos-sdk@v0.50.13/runtime/module.go:164)
  Registering resolver for simple type types.InterfaceRegistry
 Registering module-scoped provider: github.com/cosmos/cosmos-sdk/runtime.ProvideKVStoreKey (/Users/deeptanshusankhwar/go/pkg/mod/github.com/cosmos/cosmos-sdk@v0.50.13/runtime/module.go:201)
  Registering resolver for module-scoped type *types.KVStoreKey
 Registering module-scoped provider: github.com/cosmos/cosmos-sdk/runtime.ProvideTransientStoreKey (/Users/deeptanshusankhwar/go/pkg/mod/github.com/cosmos/cosmos-sdk@v0.50.13/runtime/module.go:216)
  Registering resolver for module-scoped type *types.TransientStoreKey
 Registering module-scoped provider: github.com/cosmos/cosmos-sdk/runtime.ProvideMemoryStoreKey (/Users/deeptanshusankhwar/go/pkg/mod/github.com/cosmos/cosmos-sdk@v0.50.13/runtime/module.go:222)
  Registering resolver for module-scoped type *types.MemoryStoreKey
 Registering github.com/cosmos/cosmos-sdk/runtime.ProvideGenesisTxHandler (/Users/deeptanshusankhwar/go/pkg/mod/github.com/cosmos/cosmos-sdk@v0.50.13/runtime/module.go:229)
  Registering resolver for simple type genesis.TxHandler
 Registering module-scoped provider: github.com/cosmos/cosmos-sdk/runtime.ProvideKVStoreService (/Users/deeptanshusankhwar/go/pkg/mod/github.com/cosmos/cosmos-sdk@v0.50.13/runtime/module.go:232)
  Registering resolver for module-scoped type store.KVStoreService
 Registering module-scoped provider: github.com/cosmos/cosmos-sdk/runtime.ProvideMemoryStoreService (/Users/deeptanshusankhwar/go/pkg/mod/github.com/cosmos/cosmos-sdk@v0.50.13/runtime/module.go:237)
  Registering resolver for module-scoped type store.MemoryStoreService
 Registering module-scoped provider: github.com/cosmos/cosmos-sdk/runtime.ProvideTransientStoreService (/Users/deeptanshusankhwar/go/pkg/mod/github.com/cosmos/cosmos-sdk@v0.50.13/runtime/module.go:242)
  Registering resolver for module-scoped type store.TransientStoreService
 Registering github.com/cosmos/cosmos-sdk/runtime.ProvideEventService (/Users/deeptanshusankhwar/go/pkg/mod/github.com/cosmos/cosmos-sdk@v0.50.13/runtime/module.go:247)
  Registering resolver for simple type event.Service
 Registering github.com/cosmos/cosmos-sdk/runtime.ProvideHeaderInfoService (/Users/deeptanshusankhwar/go/pkg/mod/github.com/cosmos/cosmos-sdk@v0.50.13/runtime/module.go:256)
  Registering resolver for simple type header.Service
 Registering github.com/cosmos/cosmos-sdk/runtime.ProvideCometInfoService (/Users/deeptanshusankhwar/go/pkg/mod/github.com/cosmos/cosmos-sdk@v0.50.13/runtime/module.go:252)
  Registering resolver for simple type comet.BlockInfoService
 Registering github.com/cosmos/cosmos-sdk/runtime.ProvideBasicManager (/Users/deeptanshusankhwar/go/pkg/mod/github.com/cosmos/cosmos-sdk@v0.50.13/runtime/module.go:260)
  Registering resolver for simple type module.BasicManager
 Registering github.com/cosmos/cosmos-sdk/runtime.ProvideAddressCodec (/Users/deeptanshusankhwar/go/pkg/mod/github.com/cosmos/cosmos-sdk@v0.50.13/runtime/module.go:284)
  Registering resolver for simple type address.Codec
  Registering resolver for simple type runtime.ValidatorAddressCodec
  Registering resolver for simple type runtime.ConsensusAddressCodec
 Registering github.com/cosmos/cosmos-sdk/x/auth.ProvideModule (/Users/deeptanshusankhwar/go/pkg/mod/github.com/cosmos/cosmos-sdk@v0.50.13/x/auth/module.go:209)
  Registering resolver for simple type keeper.AccountKeeper
  Found resolver for appmodule.AppModule: *depinject.onePerModuleResolver
 Implicitly registering resolver keeper.AccountKeeper for interface type nft.AccountKeeper
 Registering cosmossdk.io/x/nft/module.ProvideModule (/Users/deeptanshusankhwar/go/pkg/mod/cosmossdk.io/x/nft@v0.1.0/module/module.go:183)
  Registering resolver for simple type keeper.Keeper
  Found resolver for appmodule.AppModule: *depinject.onePerModuleResolver
 Registering github.com/cosmos/cosmos-sdk/x/auth/vesting.ProvideModule (/Users/deeptanshusankhwar/go/pkg/mod/github.com/cosmos/cosmos-sdk@v0.50.13/x/auth/vesting/module.go:140)
  Found resolver for appmodule.AppModule: *depinject.onePerModuleResolver
 Implicitly registering resolver keeper.AccountKeeper for interface type types.AccountKeeper
 Registering github.com/cosmos/cosmos-sdk/x/bank.ProvideModule (/Users/deeptanshusankhwar/go/pkg/mod/github.com/cosmos/cosmos-sdk@v0.50.13/x/bank/module.go:227)
  Registering resolver for simple type keeper.BaseKeeper
  Found resolver for appmodule.AppModule: *depinject.onePerModuleResolver
 Implicitly registering resolver keeper.AccountKeeper for interface type types.AccountKeeper
 Implicitly registering resolver keeper.BaseKeeper for interface type types.BankKeeper
 Registering github.com/cosmos/cosmos-sdk/x/staking.ProvideModule (/Users/deeptanshusankhwar/go/pkg/mod/github.com/cosmos/cosmos-sdk@v0.50.13/x/staking/module.go:221)
  Registering resolver for simple type *keeper.Keeper
  Found resolver for appmodule.AppModule: *depinject.onePerModuleResolver
 Implicitly registering resolver keeper.AccountKeeper for interface type types.AccountKeeper
 Implicitly registering resolver keeper.BaseKeeper for interface type types.BankKeeper
 Implicitly registering resolver *keeper.Keeper for interface type types.StakingKeeper
 Registering github.com/cosmos/cosmos-sdk/x/slashing.ProvideModule (/Users/deeptanshusankhwar/go/pkg/mod/github.com/cosmos/cosmos-sdk@v0.50.13/x/slashing/module.go:230)
  Registering resolver for simple type keeper.Keeper
  Found resolver for appmodule.AppModule: *depinject.onePerModuleResolver
  Registering resolver for one-per-module type types.StakingHooksWrapper
  Found resolver for types.StakingHooksWrapper: *depinject.onePerModuleResolver
 Registering github.com/cosmos/cosmos-sdk/x/params.ProvideModule (/Users/deeptanshusankhwar/go/pkg/mod/github.com/cosmos/cosmos-sdk@v0.50.13/x/params/module.go:129)
  Registering resolver for simple type keeper.Keeper
  Found resolver for appmodule.AppModule: *depinject.onePerModuleResolver
  Registering resolver for many-per-container type v1beta1.HandlerRoute
  Found resolver for v1beta1.HandlerRoute: *depinject.groupResolver
 Registering resolver for one-per-module type types.KeyTable
 Registering module-scoped provider: github.com/cosmos/cosmos-sdk/x/params.ProvideSubspace (/Users/deeptanshusankhwar/go/pkg/mod/github.com/cosmos/cosmos-sdk@v0.50.13/x/params/module.go:146)
  Registering resolver for module-scoped type types.Subspace
 Implicitly registering resolver keeper.BaseKeeper for interface type types.BankKeeper
 Implicitly registering resolver keeper.BaseKeeper for interface type tx.BankKeeper
 Implicitly registering resolver keeper.AccountKeeper for interface type ante.AccountKeeper
 Registering github.com/cosmos/cosmos-sdk/x/auth/tx/config.ProvideModule (/Users/deeptanshusankhwar/go/pkg/mod/github.com/cosmos/cosmos-sdk@v0.50.13/x/auth/tx/config/config.go:70)
  Registering resolver for simple type client.TxConfig
  Registering resolver for simple type tx.ConfigOptions
  Registering resolver for many-per-container type runtime.BaseAppOption
  Found resolver for runtime.BaseAppOption: *depinject.groupResolver
 Registering github.com/cosmos/cosmos-sdk/x/auth/tx/config.ProvideProtoRegistry (/Users/deeptanshusankhwar/go/pkg/mod/github.com/cosmos/cosmos-sdk@v0.50.13/x/auth/tx/config/config.go:67)
  Registering resolver for simple type signing.ProtoFileResolver
 Implicitly registering resolver keeper.AccountKeeper for interface type types.AccountKeeper
 Implicitly registering resolver *keeper.Keeper for interface type types.StakingKeeper
 Registering github.com/cosmos/cosmos-sdk/x/genutil.ProvideModule (/Users/deeptanshusankhwar/go/pkg/mod/github.com/cosmos/cosmos-sdk@v0.50.13/x/genutil/module.go:138)
  Found resolver for appmodule.AppModule: *depinject.onePerModuleResolver
 Implicitly registering resolver keeper.AccountKeeper for interface type authz.AccountKeeper
 Implicitly registering resolver keeper.BaseKeeper for interface type authz.BankKeeper
 Implicitly registering resolver *baseapp.MsgServiceRouter for interface type baseapp.MessageRouter
 Registering github.com/cosmos/cosmos-sdk/x/authz/module.ProvideModule (/Users/deeptanshusankhwar/go/pkg/mod/github.com/cosmos/cosmos-sdk@v0.50.13/x/authz/module/module.go:178)
  Registering resolver for simple type keeper.Keeper
  Found resolver for appmodule.AppModule: *depinject.onePerModuleResolver
 Registering cosmossdk.io/x/upgrade.ProvideModule (/Users/deeptanshusankhwar/go/pkg/mod/cosmossdk.io/x/upgrade@v0.1.4/module.go:196)
  Registering resolver for simple type *keeper.Keeper
  Found resolver for appmodule.AppModule: *depinject.onePerModuleResolver
  Found resolver for runtime.BaseAppOption: *depinject.groupResolver
 Implicitly registering resolver keeper.AccountKeeper for interface type types.AccountKeeper
 Implicitly registering resolver keeper.BaseKeeper for interface type types.BankKeeper
 Implicitly registering resolver *keeper.Keeper for interface type types.StakingKeeper
 Implicitly registering resolver types.Subspace for interface type exported.Subspace
 Registering github.com/cosmos/cosmos-sdk/x/distribution.ProvideModule (/Users/deeptanshusankhwar/go/pkg/mod/github.com/cosmos/cosmos-sdk@v0.50.13/x/distribution/module.go:232)
  Registering resolver for simple type keeper.Keeper
  Found resolver for appmodule.AppModule: *depinject.onePerModuleResolver
  Found resolver for types.StakingHooksWrapper: *depinject.onePerModuleResolver
 Implicitly registering resolver *keeper.Keeper for interface type types.StakingKeeper
 Implicitly registering resolver keeper.Keeper for interface type types.SlashingKeeper
 Registering cosmossdk.io/x/evidence.ProvideModule (/Users/deeptanshusankhwar/go/pkg/mod/cosmossdk.io/x/evidence@v0.1.1/module.go:210)
  Registering resolver for simple type keeper.Keeper
  Found resolver for appmodule.AppModule: *depinject.onePerModuleResolver
 Implicitly registering resolver types.Subspace for interface type exported.Subspace
 Implicitly registering resolver keeper.AccountKeeper for interface type types.AccountKeeper
 Implicitly registering resolver keeper.BaseKeeper for interface type types.BankKeeper
 Implicitly registering resolver *keeper.Keeper for interface type types.StakingKeeper
 Registering github.com/cosmos/cosmos-sdk/x/mint.ProvideModule (/Users/deeptanshusankhwar/go/pkg/mod/github.com/cosmos/cosmos-sdk@v0.50.13/x/mint/module.go:221)
  Registering resolver for simple type keeper.Keeper
  Found resolver for appmodule.AppModule: *depinject.onePerModuleResolver
 Implicitly registering resolver keeper.AccountKeeper for interface type group.AccountKeeper
 Implicitly registering resolver keeper.BaseKeeper for interface type group.BankKeeper
 Registering github.com/cosmos/cosmos-sdk/x/group/module.ProvideModule (/Users/deeptanshusankhwar/go/pkg/mod/github.com/cosmos/cosmos-sdk@v0.50.13/x/group/module/module.go:208)
  Registering resolver for simple type keeper.Keeper
  Found resolver for appmodule.AppModule: *depinject.onePerModuleResolver
 Implicitly registering resolver keeper.AccountKeeper for interface type feegrant.AccountKeeper
 Implicitly registering resolver keeper.BaseKeeper for interface type feegrant.BankKeeper
 Registering cosmossdk.io/x/feegrant/module.ProvideModule (/Users/deeptanshusankhwar/go/pkg/mod/cosmossdk.io/x/feegrant@v0.1.1/module/module.go:184)
  Registering resolver for simple type keeper.Keeper
  Found resolver for appmodule.AppModule: *depinject.onePerModuleResolver
 Implicitly registering resolver keeper.AccountKeeper for interface type types.AccountKeeper
 Implicitly registering resolver keeper.BaseKeeper for interface type types.BankKeeper
 Implicitly registering resolver *keeper.Keeper for interface type types.StakingKeeper
 Implicitly registering resolver keeper.Keeper for interface type types.DistributionKeeper
 Implicitly registering resolver types.Subspace for interface type types.ParamSubspace
 Registering github.com/cosmos/cosmos-sdk/x/gov.ProvideModule (/Users/deeptanshusankhwar/go/pkg/mod/github.com/cosmos/cosmos-sdk@v0.50.13/x/gov/module.go:189)
  Found resolver for appmodule.AppModule: *depinject.onePerModuleResolver
  Registering resolver for simple type *keeper.Keeper
  Found resolver for v1beta1.HandlerRoute: *depinject.groupResolver
 Registering github.com/cosmos/cosmos-sdk/x/gov.ProvideKeyTable (/Users/deeptanshusankhwar/go/pkg/mod/github.com/cosmos/cosmos-sdk@v0.50.13/x/gov/module.go:218)
  Found resolver for types.KeyTable: *depinject.onePerModuleResolver
 Implicitly registering resolver keeper.BaseKeeper for interface type types.SupplyKeeper
 Implicitly registering resolver types.Subspace for interface type exported.Subspace
 Registering github.com/cosmos/cosmos-sdk/x/crisis.ProvideModule (/Users/deeptanshusankhwar/go/pkg/mod/github.com/cosmos/cosmos-sdk@v0.50.13/x/crisis/module.go:197)
  Found resolver for appmodule.AppModule: *depinject.onePerModuleResolver
  Registering resolver for simple type *keeper.Keeper
 Registering github.com/cosmos/cosmos-sdk/x/consensus.ProvideModule (/Users/deeptanshusankhwar/go/pkg/mod/github.com/cosmos/cosmos-sdk@v0.50.13/x/consensus/module.go:117)
  Registering resolver for simple type keeper.Keeper
  Found resolver for appmodule.AppModule: *depinject.onePerModuleResolver
  Found resolver for runtime.BaseAppOption: *depinject.groupResolver
 Registering cosmossdk.io/x/circuit.ProvideModule (/Users/deeptanshusankhwar/go/pkg/mod/cosmossdk.io/x/circuit@v0.1.1/module.go:150)
  Registering resolver for simple type keeper.Keeper
  Found resolver for appmodule.AppModule: *depinject.onePerModuleResolver
  Found resolver for runtime.BaseAppOption: *depinject.groupResolver
 Implicitly registering resolver keeper.AccountKeeper for interface type types.AccountKeeper
 Implicitly registering resolver keeper.BaseKeeper for interface type types.BankKeeper
 Registering mcpchain/x/mcpchain/module.ProvideModule (/Users/deeptanshusankhwar/Documents/templates/MCPChain/mcpchain/x/mcpchain/module/module.go:194)
  Registering resolver for simple type keeper.Keeper
  Found resolver for appmodule.AppModule: *depinject.onePerModuleResolver
 Registering mcpchain/x/toolregistry/module.ProvideModule (/Users/deeptanshusankhwar/Documents/templates/MCPChain/mcpchain/x/toolregistry/module/module.go:190)
  Registering resolver for simple type toolregistry.ModuleOutputs
 Implicitly registering resolver keeper.AccountKeeper for interface type types.AccountKeeper
 Implicitly registering resolver keeper.BaseKeeper for interface type types.BankKeeper
 Registering mcpchain/x/attestation/module.ProvideModule (/Users/deeptanshusankhwar/Documents/templates/MCPChain/mcpchain/x/attestation/module/module.go:194)
  Registering resolver for simple type keeper.Keeper
  Found resolver for appmodule.AppModule: *depinject.onePerModuleResolver
Registering outputs
 Implicitly registering resolver keeper.BaseKeeper for interface type keeper.Keeper
 Registering mcpchain/app.New (/Users/deeptanshusankhwar/Documents/templates/MCPChain/mcpchain/app/app.go:234)
Building container
Resolving dependencies for mcpchain/app.New (/Users/deeptanshusankhwar/Documents/templates/MCPChain/mcpchain/app/app.go:234)
 Providing *runtime.AppBuilder from github.com/cosmos/cosmos-sdk/runtime.ProvideApp (/Users/deeptanshusankhwar/go/pkg/mod/github.com/cosmos/cosmos-sdk@v0.50.13/runtime/module.go:84) to mcpchain/app.New
 Resolving dependencies for github.com/cosmos/cosmos-sdk/runtime.ProvideApp (/Users/deeptanshusankhwar/go/pkg/mod/github.com/cosmos/cosmos-sdk@v0.50.13/runtime/module.go:84)
  Providing types.InterfaceRegistry from github.com/cosmos/cosmos-sdk/runtime.ProvideInterfaceRegistry (/Users/deeptanshusankhwar/go/pkg/mod/github.com/cosmos/cosmos-sdk@v0.50.13/runtime/module.go:164) to github.com/cosmos/cosmos-sdk/runtime.ProvideApp
  Resolving dependencies for github.com/cosmos/cosmos-sdk/runtime.ProvideInterfaceRegistry (/Users/deeptanshusankhwar/go/pkg/mod/github.com/cosmos/cosmos-sdk@v0.50.13/runtime/module.go:164)
   Providing address.Codec from github.com/cosmos/cosmos-sdk/runtime.ProvideAddressCodec (/Users/deeptanshusankhwar/go/pkg/mod/github.com/cosmos/cosmos-sdk@v0.50.13/runtime/module.go:284) to github.com/cosmos/cosmos-sdk/runtime.ProvideInterfaceRegistry
   Resolving dependencies for github.com/cosmos/cosmos-sdk/runtime.ProvideAddressCodec (/Users/deeptanshusankhwar/go/pkg/mod/github.com/cosmos/cosmos-sdk@v0.50.13/runtime/module.go:284)
    Supplying *modulev1.Module from cosmossdk.io/depinject/appconfig.Compose (/Users/deeptanshusankhwar/go/pkg/mod/cosmossdk.io/depinject@v1.1.0/appconfig/config.go:145) to github.com/cosmos/cosmos-sdk/runtime.ProvideAddressCodec
    Supplying *modulev1.Module from cosmossdk.io/depinject/appconfig.Compose (/Users/deeptanshusankhwar/go/pkg/mod/cosmossdk.io/depinject@v1.1.0/appconfig/config.go:145) to github.com/cosmos/cosmos-sdk/runtime.ProvideAddressCodec
    Providing zero value for optional dependency func() address.Codec
    Providing zero value for optional dependency func() runtime.ValidatorAddressCodec
    Providing zero value for optional dependency func() runtime.ConsensusAddressCodec
   Calling github.com/cosmos/cosmos-sdk/runtime.ProvideAddressCodec (/Users/deeptanshusankhwar/go/pkg/mod/github.com/cosmos/cosmos-sdk@v0.50.13/runtime/module.go:284)
   Providing runtime.ValidatorAddressCodec from github.com/cosmos/cosmos-sdk/runtime.ProvideAddressCodec (/Users/deeptanshusankhwar/go/pkg/mod/github.com/cosmos/cosmos-sdk@v0.50.13/runtime/module.go:284) to github.com/cosmos/cosmos-sdk/runtime.ProvideInterfaceRegistry
   Providing many-per-container type slice []signing.CustomGetSigner to github.com/cosmos/cosmos-sdk/runtime.ProvideInterfaceRegistry from:
  Calling github.com/cosmos/cosmos-sdk/runtime.ProvideInterfaceRegistry (/Users/deeptanshusankhwar/go/pkg/mod/github.com/cosmos/cosmos-sdk@v0.50.13/runtime/module.go:164)
 Calling github.com/cosmos/cosmos-sdk/runtime.ProvideApp (/Users/deeptanshusankhwar/go/pkg/mod/github.com/cosmos/cosmos-sdk@v0.50.13/runtime/module.go:84)
 Providing codec.Codec from github.com/cosmos/cosmos-sdk/runtime.ProvideApp (/Users/deeptanshusankhwar/go/pkg/mod/github.com/cosmos/cosmos-sdk@v0.50.13/runtime/module.go:84) to mcpchain/app.New
 Providing *codec.LegacyAmino from github.com/cosmos/cosmos-sdk/runtime.ProvideApp (/Users/deeptanshusankhwar/go/pkg/mod/github.com/cosmos/cosmos-sdk@v0.50.13/runtime/module.go:84) to mcpchain/app.New
 Providing client.TxConfig from github.com/cosmos/cosmos-sdk/x/auth/tx/config.ProvideModule (/Users/deeptanshusankhwar/go/pkg/mod/github.com/cosmos/cosmos-sdk@v0.50.13/x/auth/tx/config/config.go:70) to mcpchain/app.New
 Resolving dependencies for github.com/cosmos/cosmos-sdk/x/auth/tx/config.ProvideModule (/Users/deeptanshusankhwar/go/pkg/mod/github.com/cosmos/cosmos-sdk@v0.50.13/x/auth/tx/config/config.go:70)
  Supplying *configv1.Config from cosmossdk.io/depinject/appconfig.Compose (/Users/deeptanshusankhwar/go/pkg/mod/cosmossdk.io/depinject@v1.1.0/appconfig/config.go:145) to github.com/cosmos/cosmos-sdk/x/auth/tx/config.ProvideModule
  Providing address.Codec from github.com/cosmos/cosmos-sdk/runtime.ProvideAddressCodec (/Users/deeptanshusankhwar/go/pkg/mod/github.com/cosmos/cosmos-sdk@v0.50.13/runtime/module.go:284) to github.com/cosmos/cosmos-sdk/x/auth/tx/config.ProvideModule
  Providing runtime.ValidatorAddressCodec from github.com/cosmos/cosmos-sdk/runtime.ProvideAddressCodec (/Users/deeptanshusankhwar/go/pkg/mod/github.com/cosmos/cosmos-sdk@v0.50.13/runtime/module.go:284) to github.com/cosmos/cosmos-sdk/x/auth/tx/config.ProvideModule
  Providing codec.Codec from github.com/cosmos/cosmos-sdk/runtime.ProvideApp (/Users/deeptanshusankhwar/go/pkg/mod/github.com/cosmos/cosmos-sdk@v0.50.13/runtime/module.go:84) to github.com/cosmos/cosmos-sdk/x/auth/tx/config.ProvideModule
  Providing signing.ProtoFileResolver from github.com/cosmos/cosmos-sdk/x/auth/tx/config.ProvideProtoRegistry (/Users/deeptanshusankhwar/go/pkg/mod/github.com/cosmos/cosmos-sdk@v0.50.13/x/auth/tx/config/config.go:67) to github.com/cosmos/cosmos-sdk/x/auth/tx/config.ProvideModule
  Resolving dependencies for github.com/cosmos/cosmos-sdk/x/auth/tx/config.ProvideProtoRegistry (/Users/deeptanshusankhwar/go/pkg/mod/github.com/cosmos/cosmos-sdk@v0.50.13/x/auth/tx/config/config.go:67)
  Calling github.com/cosmos/cosmos-sdk/x/auth/tx/config.ProvideProtoRegistry (/Users/deeptanshusankhwar/go/pkg/mod/github.com/cosmos/cosmos-sdk@v0.50.13/x/auth/tx/config/config.go:67)
  Providing keeper.BaseKeeper from github.com/cosmos/cosmos-sdk/x/bank.ProvideModule (/Users/deeptanshusankhwar/go/pkg/mod/github.com/cosmos/cosmos-sdk@v0.50.13/x/bank/module.go:227) to github.com/cosmos/cosmos-sdk/x/auth/tx/config.ProvideModule
  Resolving dependencies for github.com/cosmos/cosmos-sdk/x/bank.ProvideModule (/Users/deeptanshusankhwar/go/pkg/mod/github.com/cosmos/cosmos-sdk@v0.50.13/x/bank/module.go:227)
   Supplying *modulev1.Module from cosmossdk.io/depinject/appconfig.Compose (/Users/deeptanshusankhwar/go/pkg/mod/cosmossdk.io/depinject@v1.1.0/appconfig/config.go:145) to github.com/cosmos/cosmos-sdk/x/bank.ProvideModule
   Providing codec.Codec from github.com/cosmos/cosmos-sdk/runtime.ProvideApp (/Users/deeptanshusankhwar/go/pkg/mod/github.com/cosmos/cosmos-sdk@v0.50.13/runtime/module.go:84) to github.com/cosmos/cosmos-sdk/x/bank.ProvideModule
   Providing store.KVStoreService from github.com/cosmos/cosmos-sdk/runtime.ProvideKVStoreService (/Users/deeptanshusankhwar/go/pkg/mod/github.com/cosmos/cosmos-sdk@v0.50.13/runtime/module.go:232) to github.com/cosmos/cosmos-sdk/x/bank.ProvideModule
   Resolving dependencies for github.com/cosmos/cosmos-sdk/runtime.ProvideKVStoreService (/Users/deeptanshusankhwar/go/pkg/mod/github.com/cosmos/cosmos-sdk@v0.50.13/runtime/module.go:232)
    Supplying *runtimev1alpha1.Module from cosmossdk.io/depinject/appconfig.Compose (/Users/deeptanshusankhwar/go/pkg/mod/cosmossdk.io/depinject@v1.1.0/appconfig/config.go:145) to github.com/cosmos/cosmos-sdk/runtime.ProvideKVStoreService
    Providing ModuleKey bank
    Providing *runtime.AppBuilder from github.com/cosmos/cosmos-sdk/runtime.ProvideApp (/Users/deeptanshusankhwar/go/pkg/mod/github.com/cosmos/cosmos-sdk@v0.50.13/runtime/module.go:84) to github.com/cosmos/cosmos-sdk/runtime.ProvideKVStoreService
   Calling github.com/cosmos/cosmos-sdk/runtime.ProvideKVStoreService (/Users/deeptanshusankhwar/go/pkg/mod/github.com/cosmos/cosmos-sdk@v0.50.13/runtime/module.go:232)
   Implicitly registering resolver log.zeroLogWrapper for interface type log.Logger
   Supplying log.zeroLogWrapper from mcpchain/app.New (/Users/deeptanshusankhwar/Documents/templates/MCPChain/mcpchain/app/app.go:215) to github.com/cosmos/cosmos-sdk/x/bank.ProvideModule
   Providing keeper.AccountKeeper from github.com/cosmos/cosmos-sdk/x/auth.ProvideModule (/Users/deeptanshusankhwar/go/pkg/mod/github.com/cosmos/cosmos-sdk@v0.50.13/x/auth/module.go:209) to github.com/cosmos/cosmos-sdk/x/bank.ProvideModule
   Resolving dependencies for github.com/cosmos/cosmos-sdk/x/auth.ProvideModule (/Users/deeptanshusankhwar/go/pkg/mod/github.com/cosmos/cosmos-sdk@v0.50.13/x/auth/module.go:209)
    Supplying *modulev1.Module from cosmossdk.io/depinject/appconfig.Compose (/Users/deeptanshusankhwar/go/pkg/mod/cosmossdk.io/depinject@v1.1.0/appconfig/config.go:145) to github.com/cosmos/cosmos-sdk/x/auth.ProvideModule
    Providing store.KVStoreService from github.com/cosmos/cosmos-sdk/runtime.ProvideKVStoreService (/Users/deeptanshusankhwar/go/pkg/mod/github.com/cosmos/cosmos-sdk@v0.50.13/runtime/module.go:232) to github.com/cosmos/cosmos-sdk/x/auth.ProvideModule
    Resolving dependencies for github.com/cosmos/cosmos-sdk/runtime.ProvideKVStoreService (/Users/deeptanshusankhwar/go/pkg/mod/github.com/cosmos/cosmos-sdk@v0.50.13/runtime/module.go:232)
     Supplying *runtimev1alpha1.Module from cosmossdk.io/depinject/appconfig.Compose (/Users/deeptanshusankhwar/go/pkg/mod/cosmossdk.io/depinject@v1.1.0/appconfig/config.go:145) to github.com/cosmos/cosmos-sdk/runtime.ProvideKVStoreService
     Providing ModuleKey auth
     Providing *runtime.AppBuilder from github.com/cosmos/cosmos-sdk/runtime.ProvideApp (/Users/deeptanshusankhwar/go/pkg/mod/github.com/cosmos/cosmos-sdk@v0.50.13/runtime/module.go:84) to github.com/cosmos/cosmos-sdk/runtime.ProvideKVStoreService
    Calling github.com/cosmos/cosmos-sdk/runtime.ProvideKVStoreService (/Users/deeptanshusankhwar/go/pkg/mod/github.com/cosmos/cosmos-sdk@v0.50.13/runtime/module.go:232)
    Providing codec.Codec from github.com/cosmos/cosmos-sdk/runtime.ProvideApp (/Users/deeptanshusankhwar/go/pkg/mod/github.com/cosmos/cosmos-sdk@v0.50.13/runtime/module.go:84) to github.com/cosmos/cosmos-sdk/x/auth.ProvideModule
    Providing address.Codec from github.com/cosmos/cosmos-sdk/runtime.ProvideAddressCodec (/Users/deeptanshusankhwar/go/pkg/mod/github.com/cosmos/cosmos-sdk@v0.50.13/runtime/module.go:284) to github.com/cosmos/cosmos-sdk/x/auth.ProvideModule
    Providing zero value for optional dependency types.RandomGenesisAccountsFn
    Providing zero value for optional dependency func() types.AccountI
    Implicitly registering resolver types.Subspace for interface type exported.Subspace
    Providing types.Subspace from github.com/cosmos/cosmos-sdk/x/params.ProvideSubspace (/Users/deeptanshusankhwar/go/pkg/mod/github.com/cosmos/cosmos-sdk@v0.50.13/x/params/module.go:146) to github.com/cosmos/cosmos-sdk/x/auth.ProvideModule
    Resolving dependencies for github.com/cosmos/cosmos-sdk/x/params.ProvideSubspace (/Users/deeptanshusankhwar/go/pkg/mod/github.com/cosmos/cosmos-sdk@v0.50.13/x/params/module.go:146)
     Providing ModuleKey auth
     Providing keeper.Keeper from github.com/cosmos/cosmos-sdk/x/params.ProvideModule (/Users/deeptanshusankhwar/go/pkg/mod/github.com/cosmos/cosmos-sdk@v0.50.13/x/params/module.go:129) to github.com/cosmos/cosmos-sdk/x/params.ProvideSubspace
     Resolving dependencies for github.com/cosmos/cosmos-sdk/x/params.ProvideModule (/Users/deeptanshusankhwar/go/pkg/mod/github.com/cosmos/cosmos-sdk@v0.50.13/x/params/module.go:129)
      Providing *types.KVStoreKey from github.com/cosmos/cosmos-sdk/runtime.ProvideKVStoreKey (/Users/deeptanshusankhwar/go/pkg/mod/github.com/cosmos/cosmos-sdk@v0.50.13/runtime/module.go:201) to github.com/cosmos/cosmos-sdk/x/params.ProvideModule
      Resolving dependencies for github.com/cosmos/cosmos-sdk/runtime.ProvideKVStoreKey (/Users/deeptanshusankhwar/go/pkg/mod/github.com/cosmos/cosmos-sdk@v0.50.13/runtime/module.go:201)
       Supplying *runtimev1alpha1.Module from cosmossdk.io/depinject/appconfig.Compose (/Users/deeptanshusankhwar/go/pkg/mod/cosmossdk.io/depinject@v1.1.0/appconfig/config.go:145) to github.com/cosmos/cosmos-sdk/runtime.ProvideKVStoreKey
       Providing ModuleKey params
       Providing *runtime.AppBuilder from github.com/cosmos/cosmos-sdk/runtime.ProvideApp (/Users/deeptanshusankhwar/go/pkg/mod/github.com/cosmos/cosmos-sdk@v0.50.13/runtime/module.go:84) to github.com/cosmos/cosmos-sdk/runtime.ProvideKVStoreKey
      Calling github.com/cosmos/cosmos-sdk/runtime.ProvideKVStoreKey (/Users/deeptanshusankhwar/go/pkg/mod/github.com/cosmos/cosmos-sdk@v0.50.13/runtime/module.go:201)
      Providing *types.TransientStoreKey from github.com/cosmos/cosmos-sdk/runtime.ProvideTransientStoreKey (/Users/deeptanshusankhwar/go/pkg/mod/github.com/cosmos/cosmos-sdk@v0.50.13/runtime/module.go:216) to github.com/cosmos/cosmos-sdk/x/params.ProvideModule
      Resolving dependencies for github.com/cosmos/cosmos-sdk/runtime.ProvideTransientStoreKey (/Users/deeptanshusankhwar/go/pkg/mod/github.com/cosmos/cosmos-sdk@v0.50.13/runtime/module.go:216)
       Providing ModuleKey params
       Providing *runtime.AppBuilder from github.com/cosmos/cosmos-sdk/runtime.ProvideApp (/Users/deeptanshusankhwar/go/pkg/mod/github.com/cosmos/cosmos-sdk@v0.50.13/runtime/module.go:84) to github.com/cosmos/cosmos-sdk/runtime.ProvideTransientStoreKey
      Calling github.com/cosmos/cosmos-sdk/runtime.ProvideTransientStoreKey (/Users/deeptanshusankhwar/go/pkg/mod/github.com/cosmos/cosmos-sdk@v0.50.13/runtime/module.go:216)
      Providing codec.Codec from github.com/cosmos/cosmos-sdk/runtime.ProvideApp (/Users/deeptanshusankhwar/go/pkg/mod/github.com/cosmos/cosmos-sdk@v0.50.13/runtime/module.go:84) to github.com/cosmos/cosmos-sdk/x/params.ProvideModule
      Providing *codec.LegacyAmino from github.com/cosmos/cosmos-sdk/runtime.ProvideApp (/Users/deeptanshusankhwar/go/pkg/mod/github.com/cosmos/cosmos-sdk@v0.50.13/runtime/module.go:84) to github.com/cosmos/cosmos-sdk/x/params.ProvideModule
     Calling github.com/cosmos/cosmos-sdk/x/params.ProvideModule (/Users/deeptanshusankhwar/go/pkg/mod/github.com/cosmos/cosmos-sdk@v0.50.13/x/params/module.go:129)
     Providing one-per-module type map map[string]types.KeyTable to github.com/cosmos/cosmos-sdk/x/params.ProvideSubspace from:
      gov: github.com/cosmos/cosmos-sdk/x/gov.ProvideKeyTable (/Users/deeptanshusankhwar/go/pkg/mod/github.com/cosmos/cosmos-sdk@v0.50.13/x/gov/module.go:218)
     Resolving dependencies for github.com/cosmos/cosmos-sdk/x/gov.ProvideKeyTable (/Users/deeptanshusankhwar/go/pkg/mod/github.com/cosmos/cosmos-sdk@v0.50.13/x/gov/module.go:218)
     Calling github.com/cosmos/cosmos-sdk/x/gov.ProvideKeyTable (/Users/deeptanshusankhwar/go/pkg/mod/github.com/cosmos/cosmos-sdk@v0.50.13/x/gov/module.go:218)
    Calling github.com/cosmos/cosmos-sdk/x/params.ProvideSubspace (/Users/deeptanshusankhwar/go/pkg/mod/github.com/cosmos/cosmos-sdk@v0.50.13/x/params/module.go:146)
   Calling github.com/cosmos/cosmos-sdk/x/auth.ProvideModule (/Users/deeptanshusankhwar/go/pkg/mod/github.com/cosmos/cosmos-sdk@v0.50.13/x/auth/module.go:209)
   Implicitly registering resolver types.Subspace for interface type exported.Subspace
   Providing types.Subspace from github.com/cosmos/cosmos-sdk/x/params.ProvideSubspace (/Users/deeptanshusankhwar/go/pkg/mod/github.com/cosmos/cosmos-sdk@v0.50.13/x/params/module.go:146) to github.com/cosmos/cosmos-sdk/x/bank.ProvideModule
   Resolving dependencies for github.com/cosmos/cosmos-sdk/x/params.ProvideSubspace (/Users/deeptanshusankhwar/go/pkg/mod/github.com/cosmos/cosmos-sdk@v0.50.13/x/params/module.go:146)
    Providing ModuleKey bank
    Providing keeper.Keeper from github.com/cosmos/cosmos-sdk/x/params.ProvideModule (/Users/deeptanshusankhwar/go/pkg/mod/github.com/cosmos/cosmos-sdk@v0.50.13/x/params/module.go:129) to github.com/cosmos/cosmos-sdk/x/params.ProvideSubspace
    Providing one-per-module type map map[string]types.KeyTable to github.com/cosmos/cosmos-sdk/x/params.ProvideSubspace from:
     gov: github.com/cosmos/cosmos-sdk/x/gov.ProvideKeyTable (/Users/deeptanshusankhwar/go/pkg/mod/github.com/cosmos/cosmos-sdk@v0.50.13/x/gov/module.go:218)
   Calling github.com/cosmos/cosmos-sdk/x/params.ProvideSubspace (/Users/deeptanshusankhwar/go/pkg/mod/github.com/cosmos/cosmos-sdk@v0.50.13/x/params/module.go:146)
  Calling github.com/cosmos/cosmos-sdk/x/bank.ProvideModule (/Users/deeptanshusankhwar/go/pkg/mod/github.com/cosmos/cosmos-sdk@v0.50.13/x/bank/module.go:227)
  Providing keeper.BaseKeeper from github.com/cosmos/cosmos-sdk/x/bank.ProvideModule (/Users/deeptanshusankhwar/go/pkg/mod/github.com/cosmos/cosmos-sdk@v0.50.13/x/bank/module.go:227) to github.com/cosmos/cosmos-sdk/x/auth/tx/config.ProvideModule
  Providing keeper.AccountKeeper from github.com/cosmos/cosmos-sdk/x/auth.ProvideModule (/Users/deeptanshusankhwar/go/pkg/mod/github.com/cosmos/cosmos-sdk@v0.50.13/x/auth/module.go:209) to github.com/cosmos/cosmos-sdk/x/auth/tx/config.ProvideModule
  Implicitly registering resolver keeper.Keeper for interface type ante.FeegrantKeeper
  Providing keeper.Keeper from cosmossdk.io/x/feegrant/module.ProvideModule (/Users/deeptanshusankhwar/go/pkg/mod/cosmossdk.io/x/feegrant@v0.1.1/module/module.go:184) to github.com/cosmos/cosmos-sdk/x/auth/tx/config.ProvideModule
  Resolving dependencies for cosmossdk.io/x/feegrant/module.ProvideModule (/Users/deeptanshusankhwar/go/pkg/mod/cosmossdk.io/x/feegrant@v0.1.1/module/module.go:184)
   Providing store.KVStoreService from github.com/cosmos/cosmos-sdk/runtime.ProvideKVStoreService (/Users/deeptanshusankhwar/go/pkg/mod/github.com/cosmos/cosmos-sdk@v0.50.13/runtime/module.go:232) to cosmossdk.io/x/feegrant/module.ProvideModule
   Resolving dependencies for github.com/cosmos/cosmos-sdk/runtime.ProvideKVStoreService (/Users/deeptanshusankhwar/go/pkg/mod/github.com/cosmos/cosmos-sdk@v0.50.13/runtime/module.go:232)
    Supplying *runtimev1alpha1.Module from cosmossdk.io/depinject/appconfig.Compose (/Users/deeptanshusankhwar/go/pkg/mod/cosmossdk.io/depinject@v1.1.0/appconfig/config.go:145) to github.com/cosmos/cosmos-sdk/runtime.ProvideKVStoreService
    Providing ModuleKey feegrant
    Providing *runtime.AppBuilder from github.com/cosmos/cosmos-sdk/runtime.ProvideApp (/Users/deeptanshusankhwar/go/pkg/mod/github.com/cosmos/cosmos-sdk@v0.50.13/runtime/module.go:84) to github.com/cosmos/cosmos-sdk/runtime.ProvideKVStoreService
   Calling github.com/cosmos/cosmos-sdk/runtime.ProvideKVStoreService (/Users/deeptanshusankhwar/go/pkg/mod/github.com/cosmos/cosmos-sdk@v0.50.13/runtime/module.go:232)
   Providing codec.Codec from github.com/cosmos/cosmos-sdk/runtime.ProvideApp (/Users/deeptanshusankhwar/go/pkg/mod/github.com/cosmos/cosmos-sdk@v0.50.13/runtime/module.go:84) to cosmossdk.io/x/feegrant/module.ProvideModule
   Providing keeper.AccountKeeper from github.com/cosmos/cosmos-sdk/x/auth.ProvideModule (/Users/deeptanshusankhwar/go/pkg/mod/github.com/cosmos/cosmos-sdk@v0.50.13/x/auth/module.go:209) to cosmossdk.io/x/feegrant/module.ProvideModule
   Providing keeper.BaseKeeper from github.com/cosmos/cosmos-sdk/x/bank.ProvideModule (/Users/deeptanshusankhwar/go/pkg/mod/github.com/cosmos/cosmos-sdk@v0.50.13/x/bank/module.go:227) to cosmossdk.io/x/feegrant/module.ProvideModule
   Providing types.InterfaceRegistry from github.com/cosmos/cosmos-sdk/runtime.ProvideInterfaceRegistry (/Users/deeptanshusankhwar/go/pkg/mod/github.com/cosmos/cosmos-sdk@v0.50.13/runtime/module.go:164) to cosmossdk.io/x/feegrant/module.ProvideModule
  Calling cosmossdk.io/x/feegrant/module.ProvideModule (/Users/deeptanshusankhwar/go/pkg/mod/cosmossdk.io/x/feegrant@v0.1.1/module/module.go:184)
  Providing zero value for optional dependency func() []signing.SignModeHandler
  Providing many-per-container type slice []signing.CustomGetSigner to github.com/cosmos/cosmos-sdk/x/auth/tx/config.ProvideModule from:
 Calling github.com/cosmos/cosmos-sdk/x/auth/tx/config.ProvideModule (/Users/deeptanshusankhwar/go/pkg/mod/github.com/cosmos/cosmos-sdk@v0.50.13/x/auth/tx/config/config.go:70)
 Providing types.InterfaceRegistry from github.com/cosmos/cosmos-sdk/runtime.ProvideInterfaceRegistry (/Users/deeptanshusankhwar/go/pkg/mod/github.com/cosmos/cosmos-sdk@v0.50.13/runtime/module.go:164) to mcpchain/app.New
 Providing keeper.AccountKeeper from github.com/cosmos/cosmos-sdk/x/auth.ProvideModule (/Users/deeptanshusankhwar/go/pkg/mod/github.com/cosmos/cosmos-sdk@v0.50.13/x/auth/module.go:209) to mcpchain/app.New
 Providing keeper.BaseKeeper from github.com/cosmos/cosmos-sdk/x/bank.ProvideModule (/Users/deeptanshusankhwar/go/pkg/mod/github.com/cosmos/cosmos-sdk@v0.50.13/x/bank/module.go:227) to mcpchain/app.New
 Providing *keeper.Keeper from github.com/cosmos/cosmos-sdk/x/staking.ProvideModule (/Users/deeptanshusankhwar/go/pkg/mod/github.com/cosmos/cosmos-sdk@v0.50.13/x/staking/module.go:221) to mcpchain/app.New
 Resolving dependencies for github.com/cosmos/cosmos-sdk/x/staking.ProvideModule (/Users/deeptanshusankhwar/go/pkg/mod/github.com/cosmos/cosmos-sdk@v0.50.13/x/staking/module.go:221)
  Supplying *modulev1.Module from cosmossdk.io/depinject/appconfig.Compose (/Users/deeptanshusankhwar/go/pkg/mod/cosmossdk.io/depinject@v1.1.0/appconfig/config.go:145) to github.com/cosmos/cosmos-sdk/x/staking.ProvideModule
  Providing runtime.ValidatorAddressCodec from github.com/cosmos/cosmos-sdk/runtime.ProvideAddressCodec (/Users/deeptanshusankhwar/go/pkg/mod/github.com/cosmos/cosmos-sdk@v0.50.13/runtime/module.go:284) to github.com/cosmos/cosmos-sdk/x/staking.ProvideModule
  Providing runtime.ConsensusAddressCodec from github.com/cosmos/cosmos-sdk/runtime.ProvideAddressCodec (/Users/deeptanshusankhwar/go/pkg/mod/github.com/cosmos/cosmos-sdk@v0.50.13/runtime/module.go:284) to github.com/cosmos/cosmos-sdk/x/staking.ProvideModule
  Providing keeper.AccountKeeper from github.com/cosmos/cosmos-sdk/x/auth.ProvideModule (/Users/deeptanshusankhwar/go/pkg/mod/github.com/cosmos/cosmos-sdk@v0.50.13/x/auth/module.go:209) to github.com/cosmos/cosmos-sdk/x/staking.ProvideModule
  Providing keeper.BaseKeeper from github.com/cosmos/cosmos-sdk/x/bank.ProvideModule (/Users/deeptanshusankhwar/go/pkg/mod/github.com/cosmos/cosmos-sdk@v0.50.13/x/bank/module.go:227) to github.com/cosmos/cosmos-sdk/x/staking.ProvideModule
  Providing codec.Codec from github.com/cosmos/cosmos-sdk/runtime.ProvideApp (/Users/deeptanshusankhwar/go/pkg/mod/github.com/cosmos/cosmos-sdk@v0.50.13/runtime/module.go:84) to github.com/cosmos/cosmos-sdk/x/staking.ProvideModule
  Providing store.KVStoreService from github.com/cosmos/cosmos-sdk/runtime.ProvideKVStoreService (/Users/deeptanshusankhwar/go/pkg/mod/github.com/cosmos/cosmos-sdk@v0.50.13/runtime/module.go:232) to github.com/cosmos/cosmos-sdk/x/staking.ProvideModule
  Resolving dependencies for github.com/cosmos/cosmos-sdk/runtime.ProvideKVStoreService (/Users/deeptanshusankhwar/go/pkg/mod/github.com/cosmos/cosmos-sdk@v0.50.13/runtime/module.go:232)
   Supplying *runtimev1alpha1.Module from cosmossdk.io/depinject/appconfig.Compose (/Users/deeptanshusankhwar/go/pkg/mod/cosmossdk.io/depinject@v1.1.0/appconfig/config.go:145) to github.com/cosmos/cosmos-sdk/runtime.ProvideKVStoreService
   Providing ModuleKey staking
   Providing *runtime.AppBuilder from github.com/cosmos/cosmos-sdk/runtime.ProvideApp (/Users/deeptanshusankhwar/go/pkg/mod/github.com/cosmos/cosmos-sdk@v0.50.13/runtime/module.go:84) to github.com/cosmos/cosmos-sdk/runtime.ProvideKVStoreService
  Calling github.com/cosmos/cosmos-sdk/runtime.ProvideKVStoreService (/Users/deeptanshusankhwar/go/pkg/mod/github.com/cosmos/cosmos-sdk@v0.50.13/runtime/module.go:232)
  Implicitly registering resolver types.Subspace for interface type exported.Subspace
  Providing types.Subspace from github.com/cosmos/cosmos-sdk/x/params.ProvideSubspace (/Users/deeptanshusankhwar/go/pkg/mod/github.com/cosmos/cosmos-sdk@v0.50.13/x/params/module.go:146) to github.com/cosmos/cosmos-sdk/x/staking.ProvideModule
  Resolving dependencies for github.com/cosmos/cosmos-sdk/x/params.ProvideSubspace (/Users/deeptanshusankhwar/go/pkg/mod/github.com/cosmos/cosmos-sdk@v0.50.13/x/params/module.go:146)
   Providing ModuleKey staking
   Providing keeper.Keeper from github.com/cosmos/cosmos-sdk/x/params.ProvideModule (/Users/deeptanshusankhwar/go/pkg/mod/github.com/cosmos/cosmos-sdk@v0.50.13/x/params/module.go:129) to github.com/cosmos/cosmos-sdk/x/params.ProvideSubspace
   Providing one-per-module type map map[string]types.KeyTable to github.com/cosmos/cosmos-sdk/x/params.ProvideSubspace from:
    gov: github.com/cosmos/cosmos-sdk/x/gov.ProvideKeyTable (/Users/deeptanshusankhwar/go/pkg/mod/github.com/cosmos/cosmos-sdk@v0.50.13/x/gov/module.go:218)
  Calling github.com/cosmos/cosmos-sdk/x/params.ProvideSubspace (/Users/deeptanshusankhwar/go/pkg/mod/github.com/cosmos/cosmos-sdk@v0.50.13/x/params/module.go:146)
 Calling github.com/cosmos/cosmos-sdk/x/staking.ProvideModule (/Users/deeptanshusankhwar/go/pkg/mod/github.com/cosmos/cosmos-sdk@v0.50.13/x/staking/module.go:221)
 Providing keeper.Keeper from github.com/cosmos/cosmos-sdk/x/distribution.ProvideModule (/Users/deeptanshusankhwar/go/pkg/mod/github.com/cosmos/cosmos-sdk@v0.50.13/x/distribution/module.go:232) to mcpchain/app.New
 Resolving dependencies for github.com/cosmos/cosmos-sdk/x/distribution.ProvideModule (/Users/deeptanshusankhwar/go/pkg/mod/github.com/cosmos/cosmos-sdk@v0.50.13/x/distribution/module.go:232)
  Supplying *modulev1.Module from cosmossdk.io/depinject/appconfig.Compose (/Users/deeptanshusankhwar/go/pkg/mod/cosmossdk.io/depinject@v1.1.0/appconfig/config.go:145) to github.com/cosmos/cosmos-sdk/x/distribution.ProvideModule
  Providing store.KVStoreService from github.com/cosmos/cosmos-sdk/runtime.ProvideKVStoreService (/Users/deeptanshusankhwar/go/pkg/mod/github.com/cosmos/cosmos-sdk@v0.50.13/runtime/module.go:232) to github.com/cosmos/cosmos-sdk/x/distribution.ProvideModule
  Resolving dependencies for github.com/cosmos/cosmos-sdk/runtime.ProvideKVStoreService (/Users/deeptanshusankhwar/go/pkg/mod/github.com/cosmos/cosmos-sdk@v0.50.13/runtime/module.go:232)
   Supplying *runtimev1alpha1.Module from cosmossdk.io/depinject/appconfig.Compose (/Users/deeptanshusankhwar/go/pkg/mod/cosmossdk.io/depinject@v1.1.0/appconfig/config.go:145) to github.com/cosmos/cosmos-sdk/runtime.ProvideKVStoreService
   Providing ModuleKey distribution
   Providing *runtime.AppBuilder from github.com/cosmos/cosmos-sdk/runtime.ProvideApp (/Users/deeptanshusankhwar/go/pkg/mod/github.com/cosmos/cosmos-sdk@v0.50.13/runtime/module.go:84) to github.com/cosmos/cosmos-sdk/runtime.ProvideKVStoreService
  Calling github.com/cosmos/cosmos-sdk/runtime.ProvideKVStoreService (/Users/deeptanshusankhwar/go/pkg/mod/github.com/cosmos/cosmos-sdk@v0.50.13/runtime/module.go:232)
  Providing codec.Codec from github.com/cosmos/cosmos-sdk/runtime.ProvideApp (/Users/deeptanshusankhwar/go/pkg/mod/github.com/cosmos/cosmos-sdk@v0.50.13/runtime/module.go:84) to github.com/cosmos/cosmos-sdk/x/distribution.ProvideModule
  Providing keeper.AccountKeeper from github.com/cosmos/cosmos-sdk/x/auth.ProvideModule (/Users/deeptanshusankhwar/go/pkg/mod/github.com/cosmos/cosmos-sdk@v0.50.13/x/auth/module.go:209) to github.com/cosmos/cosmos-sdk/x/distribution.ProvideModule
  Providing keeper.BaseKeeper from github.com/cosmos/cosmos-sdk/x/bank.ProvideModule (/Users/deeptanshusankhwar/go/pkg/mod/github.com/cosmos/cosmos-sdk@v0.50.13/x/bank/module.go:227) to github.com/cosmos/cosmos-sdk/x/distribution.ProvideModule
  Providing *keeper.Keeper from github.com/cosmos/cosmos-sdk/x/staking.ProvideModule (/Users/deeptanshusankhwar/go/pkg/mod/github.com/cosmos/cosmos-sdk@v0.50.13/x/staking/module.go:221) to github.com/cosmos/cosmos-sdk/x/distribution.ProvideModule
  Providing types.Subspace from github.com/cosmos/cosmos-sdk/x/params.ProvideSubspace (/Users/deeptanshusankhwar/go/pkg/mod/github.com/cosmos/cosmos-sdk@v0.50.13/x/params/module.go:146) to github.com/cosmos/cosmos-sdk/x/distribution.ProvideModule
  Resolving dependencies for github.com/cosmos/cosmos-sdk/x/params.ProvideSubspace (/Users/deeptanshusankhwar/go/pkg/mod/github.com/cosmos/cosmos-sdk@v0.50.13/x/params/module.go:146)
   Providing ModuleKey distribution
   Providing keeper.Keeper from github.com/cosmos/cosmos-sdk/x/params.ProvideModule (/Users/deeptanshusankhwar/go/pkg/mod/github.com/cosmos/cosmos-sdk@v0.50.13/x/params/module.go:129) to github.com/cosmos/cosmos-sdk/x/params.ProvideSubspace
   Providing one-per-module type map map[string]types.KeyTable to github.com/cosmos/cosmos-sdk/x/params.ProvideSubspace from:
    gov: github.com/cosmos/cosmos-sdk/x/gov.ProvideKeyTable (/Users/deeptanshusankhwar/go/pkg/mod/github.com/cosmos/cosmos-sdk@v0.50.13/x/gov/module.go:218)
  Calling github.com/cosmos/cosmos-sdk/x/params.ProvideSubspace (/Users/deeptanshusankhwar/go/pkg/mod/github.com/cosmos/cosmos-sdk@v0.50.13/x/params/module.go:146)
 Calling github.com/cosmos/cosmos-sdk/x/distribution.ProvideModule (/Users/deeptanshusankhwar/go/pkg/mod/github.com/cosmos/cosmos-sdk@v0.50.13/x/distribution/module.go:232)
 Providing keeper.Keeper from github.com/cosmos/cosmos-sdk/x/consensus.ProvideModule (/Users/deeptanshusankhwar/go/pkg/mod/github.com/cosmos/cosmos-sdk@v0.50.13/x/consensus/module.go:117) to mcpchain/app.New
 Resolving dependencies for github.com/cosmos/cosmos-sdk/x/consensus.ProvideModule (/Users/deeptanshusankhwar/go/pkg/mod/github.com/cosmos/cosmos-sdk@v0.50.13/x/consensus/module.go:117)
  Supplying *modulev1.Module from cosmossdk.io/depinject/appconfig.Compose (/Users/deeptanshusankhwar/go/pkg/mod/cosmossdk.io/depinject@v1.1.0/appconfig/config.go:145) to github.com/cosmos/cosmos-sdk/x/consensus.ProvideModule
  Providing codec.Codec from github.com/cosmos/cosmos-sdk/runtime.ProvideApp (/Users/deeptanshusankhwar/go/pkg/mod/github.com/cosmos/cosmos-sdk@v0.50.13/runtime/module.go:84) to github.com/cosmos/cosmos-sdk/x/consensus.ProvideModule
  Providing store.KVStoreService from github.com/cosmos/cosmos-sdk/runtime.ProvideKVStoreService (/Users/deeptanshusankhwar/go/pkg/mod/github.com/cosmos/cosmos-sdk@v0.50.13/runtime/module.go:232) to github.com/cosmos/cosmos-sdk/x/consensus.ProvideModule
  Resolving dependencies for github.com/cosmos/cosmos-sdk/runtime.ProvideKVStoreService (/Users/deeptanshusankhwar/go/pkg/mod/github.com/cosmos/cosmos-sdk@v0.50.13/runtime/module.go:232)
   Supplying *runtimev1alpha1.Module from cosmossdk.io/depinject/appconfig.Compose (/Users/deeptanshusankhwar/go/pkg/mod/cosmossdk.io/depinject@v1.1.0/appconfig/config.go:145) to github.com/cosmos/cosmos-sdk/runtime.ProvideKVStoreService
   Providing ModuleKey consensus
   Providing *runtime.AppBuilder from github.com/cosmos/cosmos-sdk/runtime.ProvideApp (/Users/deeptanshusankhwar/go/pkg/mod/github.com/cosmos/cosmos-sdk@v0.50.13/runtime/module.go:84) to github.com/cosmos/cosmos-sdk/runtime.ProvideKVStoreService
  Calling github.com/cosmos/cosmos-sdk/runtime.ProvideKVStoreService (/Users/deeptanshusankhwar/go/pkg/mod/github.com/cosmos/cosmos-sdk@v0.50.13/runtime/module.go:232)
  Providing event.Service from github.com/cosmos/cosmos-sdk/runtime.ProvideEventService (/Users/deeptanshusankhwar/go/pkg/mod/github.com/cosmos/cosmos-sdk@v0.50.13/runtime/module.go:247) to github.com/cosmos/cosmos-sdk/x/consensus.ProvideModule
  Resolving dependencies for github.com/cosmos/cosmos-sdk/runtime.ProvideEventService (/Users/deeptanshusankhwar/go/pkg/mod/github.com/cosmos/cosmos-sdk@v0.50.13/runtime/module.go:247)
  Calling github.com/cosmos/cosmos-sdk/runtime.ProvideEventService (/Users/deeptanshusankhwar/go/pkg/mod/github.com/cosmos/cosmos-sdk@v0.50.13/runtime/module.go:247)
 Calling github.com/cosmos/cosmos-sdk/x/consensus.ProvideModule (/Users/deeptanshusankhwar/go/pkg/mod/github.com/cosmos/cosmos-sdk@v0.50.13/x/consensus/module.go:117)
 Providing keeper.Keeper from github.com/cosmos/cosmos-sdk/x/slashing.ProvideModule (/Users/deeptanshusankhwar/go/pkg/mod/github.com/cosmos/cosmos-sdk@v0.50.13/x/slashing/module.go:230) to mcpchain/app.New
 Resolving dependencies for github.com/cosmos/cosmos-sdk/x/slashing.ProvideModule (/Users/deeptanshusankhwar/go/pkg/mod/github.com/cosmos/cosmos-sdk@v0.50.13/x/slashing/module.go:230)
  Supplying *modulev1.Module from cosmossdk.io/depinject/appconfig.Compose (/Users/deeptanshusankhwar/go/pkg/mod/cosmossdk.io/depinject@v1.1.0/appconfig/config.go:145) to github.com/cosmos/cosmos-sdk/x/slashing.ProvideModule
  Providing store.KVStoreService from github.com/cosmos/cosmos-sdk/runtime.ProvideKVStoreService (/Users/deeptanshusankhwar/go/pkg/mod/github.com/cosmos/cosmos-sdk@v0.50.13/runtime/module.go:232) to github.com/cosmos/cosmos-sdk/x/slashing.ProvideModule
  Resolving dependencies for github.com/cosmos/cosmos-sdk/runtime.ProvideKVStoreService (/Users/deeptanshusankhwar/go/pkg/mod/github.com/cosmos/cosmos-sdk@v0.50.13/runtime/module.go:232)
   Supplying *runtimev1alpha1.Module from cosmossdk.io/depinject/appconfig.Compose (/Users/deeptanshusankhwar/go/pkg/mod/cosmossdk.io/depinject@v1.1.0/appconfig/config.go:145) to github.com/cosmos/cosmos-sdk/runtime.ProvideKVStoreService
   Providing ModuleKey slashing
   Providing *runtime.AppBuilder from github.com/cosmos/cosmos-sdk/runtime.ProvideApp (/Users/deeptanshusankhwar/go/pkg/mod/github.com/cosmos/cosmos-sdk@v0.50.13/runtime/module.go:84) to github.com/cosmos/cosmos-sdk/runtime.ProvideKVStoreService
  Calling github.com/cosmos/cosmos-sdk/runtime.ProvideKVStoreService (/Users/deeptanshusankhwar/go/pkg/mod/github.com/cosmos/cosmos-sdk@v0.50.13/runtime/module.go:232)
  Providing codec.Codec from github.com/cosmos/cosmos-sdk/runtime.ProvideApp (/Users/deeptanshusankhwar/go/pkg/mod/github.com/cosmos/cosmos-sdk@v0.50.13/runtime/module.go:84) to github.com/cosmos/cosmos-sdk/x/slashing.ProvideModule
  Providing *codec.LegacyAmino from github.com/cosmos/cosmos-sdk/runtime.ProvideApp (/Users/deeptanshusankhwar/go/pkg/mod/github.com/cosmos/cosmos-sdk@v0.50.13/runtime/module.go:84) to github.com/cosmos/cosmos-sdk/x/slashing.ProvideModule
  Providing types.InterfaceRegistry from github.com/cosmos/cosmos-sdk/runtime.ProvideInterfaceRegistry (/Users/deeptanshusankhwar/go/pkg/mod/github.com/cosmos/cosmos-sdk@v0.50.13/runtime/module.go:164) to github.com/cosmos/cosmos-sdk/x/slashing.ProvideModule
  Providing keeper.AccountKeeper from github.com/cosmos/cosmos-sdk/x/auth.ProvideModule (/Users/deeptanshusankhwar/go/pkg/mod/github.com/cosmos/cosmos-sdk@v0.50.13/x/auth/module.go:209) to github.com/cosmos/cosmos-sdk/x/slashing.ProvideModule
  Providing keeper.BaseKeeper from github.com/cosmos/cosmos-sdk/x/bank.ProvideModule (/Users/deeptanshusankhwar/go/pkg/mod/github.com/cosmos/cosmos-sdk@v0.50.13/x/bank/module.go:227) to github.com/cosmos/cosmos-sdk/x/slashing.ProvideModule
  Providing *keeper.Keeper from github.com/cosmos/cosmos-sdk/x/staking.ProvideModule (/Users/deeptanshusankhwar/go/pkg/mod/github.com/cosmos/cosmos-sdk@v0.50.13/x/staking/module.go:221) to github.com/cosmos/cosmos-sdk/x/slashing.ProvideModule
  Implicitly registering resolver types.Subspace for interface type exported.Subspace
  Providing types.Subspace from github.com/cosmos/cosmos-sdk/x/params.ProvideSubspace (/Users/deeptanshusankhwar/go/pkg/mod/github.com/cosmos/cosmos-sdk@v0.50.13/x/params/module.go:146) to github.com/cosmos/cosmos-sdk/x/slashing.ProvideModule
  Resolving dependencies for github.com/cosmos/cosmos-sdk/x/params.ProvideSubspace (/Users/deeptanshusankhwar/go/pkg/mod/github.com/cosmos/cosmos-sdk@v0.50.13/x/params/module.go:146)
   Providing ModuleKey slashing
   Providing keeper.Keeper from github.com/cosmos/cosmos-sdk/x/params.ProvideModule (/Users/deeptanshusankhwar/go/pkg/mod/github.com/cosmos/cosmos-sdk@v0.50.13/x/params/module.go:129) to github.com/cosmos/cosmos-sdk/x/params.ProvideSubspace
   Providing one-per-module type map map[string]types.KeyTable to github.com/cosmos/cosmos-sdk/x/params.ProvideSubspace from:
    gov: github.com/cosmos/cosmos-sdk/x/gov.ProvideKeyTable (/Users/deeptanshusankhwar/go/pkg/mod/github.com/cosmos/cosmos-sdk@v0.50.13/x/gov/module.go:218)
  Calling github.com/cosmos/cosmos-sdk/x/params.ProvideSubspace (/Users/deeptanshusankhwar/go/pkg/mod/github.com/cosmos/cosmos-sdk@v0.50.13/x/params/module.go:146)
 Calling github.com/cosmos/cosmos-sdk/x/slashing.ProvideModule (/Users/deeptanshusankhwar/go/pkg/mod/github.com/cosmos/cosmos-sdk@v0.50.13/x/slashing/module.go:230)
 Providing keeper.Keeper from github.com/cosmos/cosmos-sdk/x/mint.ProvideModule (/Users/deeptanshusankhwar/go/pkg/mod/github.com/cosmos/cosmos-sdk@v0.50.13/x/mint/module.go:221) to mcpchain/app.New
 Resolving dependencies for github.com/cosmos/cosmos-sdk/x/mint.ProvideModule (/Users/deeptanshusankhwar/go/pkg/mod/github.com/cosmos/cosmos-sdk@v0.50.13/x/mint/module.go:221)
  Providing OwnModuleKey mint
  Supplying *modulev1.Module from cosmossdk.io/depinject/appconfig.Compose (/Users/deeptanshusankhwar/go/pkg/mod/cosmossdk.io/depinject@v1.1.0/appconfig/config.go:145) to github.com/cosmos/cosmos-sdk/x/mint.ProvideModule
  Providing store.KVStoreService from github.com/cosmos/cosmos-sdk/runtime.ProvideKVStoreService (/Users/deeptanshusankhwar/go/pkg/mod/github.com/cosmos/cosmos-sdk@v0.50.13/runtime/module.go:232) to github.com/cosmos/cosmos-sdk/x/mint.ProvideModule
  Resolving dependencies for github.com/cosmos/cosmos-sdk/runtime.ProvideKVStoreService (/Users/deeptanshusankhwar/go/pkg/mod/github.com/cosmos/cosmos-sdk@v0.50.13/runtime/module.go:232)
   Supplying *runtimev1alpha1.Module from cosmossdk.io/depinject/appconfig.Compose (/Users/deeptanshusankhwar/go/pkg/mod/cosmossdk.io/depinject@v1.1.0/appconfig/config.go:145) to github.com/cosmos/cosmos-sdk/runtime.ProvideKVStoreService
   Providing ModuleKey mint
   Providing *runtime.AppBuilder from github.com/cosmos/cosmos-sdk/runtime.ProvideApp (/Users/deeptanshusankhwar/go/pkg/mod/github.com/cosmos/cosmos-sdk@v0.50.13/runtime/module.go:84) to github.com/cosmos/cosmos-sdk/runtime.ProvideKVStoreService
  Calling github.com/cosmos/cosmos-sdk/runtime.ProvideKVStoreService (/Users/deeptanshusankhwar/go/pkg/mod/github.com/cosmos/cosmos-sdk@v0.50.13/runtime/module.go:232)
  Providing codec.Codec from github.com/cosmos/cosmos-sdk/runtime.ProvideApp (/Users/deeptanshusankhwar/go/pkg/mod/github.com/cosmos/cosmos-sdk@v0.50.13/runtime/module.go:84) to github.com/cosmos/cosmos-sdk/x/mint.ProvideModule
  Providing zero value for optional dependency types.InflationCalculationFn
  Providing types.Subspace from github.com/cosmos/cosmos-sdk/x/params.ProvideSubspace (/Users/deeptanshusankhwar/go/pkg/mod/github.com/cosmos/cosmos-sdk@v0.50.13/x/params/module.go:146) to github.com/cosmos/cosmos-sdk/x/mint.ProvideModule
  Resolving dependencies for github.com/cosmos/cosmos-sdk/x/params.ProvideSubspace (/Users/deeptanshusankhwar/go/pkg/mod/github.com/cosmos/cosmos-sdk@v0.50.13/x/params/module.go:146)
   Providing ModuleKey mint
   Providing keeper.Keeper from github.com/cosmos/cosmos-sdk/x/params.ProvideModule (/Users/deeptanshusankhwar/go/pkg/mod/github.com/cosmos/cosmos-sdk@v0.50.13/x/params/module.go:129) to github.com/cosmos/cosmos-sdk/x/params.ProvideSubspace
   Providing one-per-module type map map[string]types.KeyTable to github.com/cosmos/cosmos-sdk/x/params.ProvideSubspace from:
    gov: github.com/cosmos/cosmos-sdk/x/gov.ProvideKeyTable (/Users/deeptanshusankhwar/go/pkg/mod/github.com/cosmos/cosmos-sdk@v0.50.13/x/gov/module.go:218)
  Calling github.com/cosmos/cosmos-sdk/x/params.ProvideSubspace (/Users/deeptanshusankhwar/go/pkg/mod/github.com/cosmos/cosmos-sdk@v0.50.13/x/params/module.go:146)
  Providing keeper.AccountKeeper from github.com/cosmos/cosmos-sdk/x/auth.ProvideModule (/Users/deeptanshusankhwar/go/pkg/mod/github.com/cosmos/cosmos-sdk@v0.50.13/x/auth/module.go:209) to github.com/cosmos/cosmos-sdk/x/mint.ProvideModule
  Providing keeper.BaseKeeper from github.com/cosmos/cosmos-sdk/x/bank.ProvideModule (/Users/deeptanshusankhwar/go/pkg/mod/github.com/cosmos/cosmos-sdk@v0.50.13/x/bank/module.go:227) to github.com/cosmos/cosmos-sdk/x/mint.ProvideModule
  Providing *keeper.Keeper from github.com/cosmos/cosmos-sdk/x/staking.ProvideModule (/Users/deeptanshusankhwar/go/pkg/mod/github.com/cosmos/cosmos-sdk@v0.50.13/x/staking/module.go:221) to github.com/cosmos/cosmos-sdk/x/mint.ProvideModule
 Calling github.com/cosmos/cosmos-sdk/x/mint.ProvideModule (/Users/deeptanshusankhwar/go/pkg/mod/github.com/cosmos/cosmos-sdk@v0.50.13/x/mint/module.go:221)
 Providing *keeper.Keeper from github.com/cosmos/cosmos-sdk/x/gov.ProvideModule (/Users/deeptanshusankhwar/go/pkg/mod/github.com/cosmos/cosmos-sdk@v0.50.13/x/gov/module.go:189) to mcpchain/app.New
 Resolving dependencies for github.com/cosmos/cosmos-sdk/x/gov.ProvideModule (/Users/deeptanshusankhwar/go/pkg/mod/github.com/cosmos/cosmos-sdk@v0.50.13/x/gov/module.go:189)
  Supplying *modulev1.Module from cosmossdk.io/depinject/appconfig.Compose (/Users/deeptanshusankhwar/go/pkg/mod/cosmossdk.io/depinject@v1.1.0/appconfig/config.go:145) to github.com/cosmos/cosmos-sdk/x/gov.ProvideModule
  Providing codec.Codec from github.com/cosmos/cosmos-sdk/runtime.ProvideApp (/Users/deeptanshusankhwar/go/pkg/mod/github.com/cosmos/cosmos-sdk@v0.50.13/runtime/module.go:84) to github.com/cosmos/cosmos-sdk/x/gov.ProvideModule
  Providing store.KVStoreService from github.com/cosmos/cosmos-sdk/runtime.ProvideKVStoreService (/Users/deeptanshusankhwar/go/pkg/mod/github.com/cosmos/cosmos-sdk@v0.50.13/runtime/module.go:232) to github.com/cosmos/cosmos-sdk/x/gov.ProvideModule
  Resolving dependencies for github.com/cosmos/cosmos-sdk/runtime.ProvideKVStoreService (/Users/deeptanshusankhwar/go/pkg/mod/github.com/cosmos/cosmos-sdk@v0.50.13/runtime/module.go:232)
   Supplying *runtimev1alpha1.Module from cosmossdk.io/depinject/appconfig.Compose (/Users/deeptanshusankhwar/go/pkg/mod/cosmossdk.io/depinject@v1.1.0/appconfig/config.go:145) to github.com/cosmos/cosmos-sdk/runtime.ProvideKVStoreService
   Providing ModuleKey gov
   Providing *runtime.AppBuilder from github.com/cosmos/cosmos-sdk/runtime.ProvideApp (/Users/deeptanshusankhwar/go/pkg/mod/github.com/cosmos/cosmos-sdk@v0.50.13/runtime/module.go:84) to github.com/cosmos/cosmos-sdk/runtime.ProvideKVStoreService
  Calling github.com/cosmos/cosmos-sdk/runtime.ProvideKVStoreService (/Users/deeptanshusankhwar/go/pkg/mod/github.com/cosmos/cosmos-sdk@v0.50.13/runtime/module.go:232)
  Providing OwnModuleKey gov
  Providing *baseapp.MsgServiceRouter from github.com/cosmos/cosmos-sdk/runtime.ProvideApp (/Users/deeptanshusankhwar/go/pkg/mod/github.com/cosmos/cosmos-sdk@v0.50.13/runtime/module.go:84) to github.com/cosmos/cosmos-sdk/x/gov.ProvideModule
  Providing keeper.AccountKeeper from github.com/cosmos/cosmos-sdk/x/auth.ProvideModule (/Users/deeptanshusankhwar/go/pkg/mod/github.com/cosmos/cosmos-sdk@v0.50.13/x/auth/module.go:209) to github.com/cosmos/cosmos-sdk/x/gov.ProvideModule
  Providing keeper.BaseKeeper from github.com/cosmos/cosmos-sdk/x/bank.ProvideModule (/Users/deeptanshusankhwar/go/pkg/mod/github.com/cosmos/cosmos-sdk@v0.50.13/x/bank/module.go:227) to github.com/cosmos/cosmos-sdk/x/gov.ProvideModule
  Providing *keeper.Keeper from github.com/cosmos/cosmos-sdk/x/staking.ProvideModule (/Users/deeptanshusankhwar/go/pkg/mod/github.com/cosmos/cosmos-sdk@v0.50.13/x/staking/module.go:221) to github.com/cosmos/cosmos-sdk/x/gov.ProvideModule
  Providing keeper.Keeper from github.com/cosmos/cosmos-sdk/x/distribution.ProvideModule (/Users/deeptanshusankhwar/go/pkg/mod/github.com/cosmos/cosmos-sdk@v0.50.13/x/distribution/module.go:232) to github.com/cosmos/cosmos-sdk/x/gov.ProvideModule
  Providing types.Subspace from github.com/cosmos/cosmos-sdk/x/params.ProvideSubspace (/Users/deeptanshusankhwar/go/pkg/mod/github.com/cosmos/cosmos-sdk@v0.50.13/x/params/module.go:146) to github.com/cosmos/cosmos-sdk/x/gov.ProvideModule
  Resolving dependencies for github.com/cosmos/cosmos-sdk/x/params.ProvideSubspace (/Users/deeptanshusankhwar/go/pkg/mod/github.com/cosmos/cosmos-sdk@v0.50.13/x/params/module.go:146)
   Providing ModuleKey gov
   Providing keeper.Keeper from github.com/cosmos/cosmos-sdk/x/params.ProvideModule (/Users/deeptanshusankhwar/go/pkg/mod/github.com/cosmos/cosmos-sdk@v0.50.13/x/params/module.go:129) to github.com/cosmos/cosmos-sdk/x/params.ProvideSubspace
   Providing one-per-module type map map[string]types.KeyTable to github.com/cosmos/cosmos-sdk/x/params.ProvideSubspace from:
    gov: github.com/cosmos/cosmos-sdk/x/gov.ProvideKeyTable (/Users/deeptanshusankhwar/go/pkg/mod/github.com/cosmos/cosmos-sdk@v0.50.13/x/gov/module.go:218)
  Calling github.com/cosmos/cosmos-sdk/x/params.ProvideSubspace (/Users/deeptanshusankhwar/go/pkg/mod/github.com/cosmos/cosmos-sdk@v0.50.13/x/params/module.go:146)
 Calling github.com/cosmos/cosmos-sdk/x/gov.ProvideModule (/Users/deeptanshusankhwar/go/pkg/mod/github.com/cosmos/cosmos-sdk@v0.50.13/x/gov/module.go:189)
 Providing *keeper.Keeper from github.com/cosmos/cosmos-sdk/x/crisis.ProvideModule (/Users/deeptanshusankhwar/go/pkg/mod/github.com/cosmos/cosmos-sdk@v0.50.13/x/crisis/module.go:197) to mcpchain/app.New
 Resolving dependencies for github.com/cosmos/cosmos-sdk/x/crisis.ProvideModule (/Users/deeptanshusankhwar/go/pkg/mod/github.com/cosmos/cosmos-sdk@v0.50.13/x/crisis/module.go:197)
  Supplying *modulev1.Module from cosmossdk.io/depinject/appconfig.Compose (/Users/deeptanshusankhwar/go/pkg/mod/cosmossdk.io/depinject@v1.1.0/appconfig/config.go:145) to github.com/cosmos/cosmos-sdk/x/crisis.ProvideModule
  Providing store.KVStoreService from github.com/cosmos/cosmos-sdk/runtime.ProvideKVStoreService (/Users/deeptanshusankhwar/go/pkg/mod/github.com/cosmos/cosmos-sdk@v0.50.13/runtime/module.go:232) to github.com/cosmos/cosmos-sdk/x/crisis.ProvideModule
  Resolving dependencies for github.com/cosmos/cosmos-sdk/runtime.ProvideKVStoreService (/Users/deeptanshusankhwar/go/pkg/mod/github.com/cosmos/cosmos-sdk@v0.50.13/runtime/module.go:232)
   Supplying *runtimev1alpha1.Module from cosmossdk.io/depinject/appconfig.Compose (/Users/deeptanshusankhwar/go/pkg/mod/cosmossdk.io/depinject@v1.1.0/appconfig/config.go:145) to github.com/cosmos/cosmos-sdk/runtime.ProvideKVStoreService
   Providing ModuleKey crisis
   Providing *runtime.AppBuilder from github.com/cosmos/cosmos-sdk/runtime.ProvideApp (/Users/deeptanshusankhwar/go/pkg/mod/github.com/cosmos/cosmos-sdk@v0.50.13/runtime/module.go:84) to github.com/cosmos/cosmos-sdk/runtime.ProvideKVStoreService
  Calling github.com/cosmos/cosmos-sdk/runtime.ProvideKVStoreService (/Users/deeptanshusankhwar/go/pkg/mod/github.com/cosmos/cosmos-sdk@v0.50.13/runtime/module.go:232)
  Providing codec.Codec from github.com/cosmos/cosmos-sdk/runtime.ProvideApp (/Users/deeptanshusankhwar/go/pkg/mod/github.com/cosmos/cosmos-sdk@v0.50.13/runtime/module.go:84) to github.com/cosmos/cosmos-sdk/x/crisis.ProvideModule
  Implicitly registering resolver *viper.Viper for interface type types.AppOptions
  Supplying *viper.Viper from mcpchain/app.New (/Users/deeptanshusankhwar/Documents/templates/MCPChain/mcpchain/app/app.go:215) to github.com/cosmos/cosmos-sdk/x/crisis.ProvideModule
  Providing keeper.BaseKeeper from github.com/cosmos/cosmos-sdk/x/bank.ProvideModule (/Users/deeptanshusankhwar/go/pkg/mod/github.com/cosmos/cosmos-sdk@v0.50.13/x/bank/module.go:227) to github.com/cosmos/cosmos-sdk/x/crisis.ProvideModule
  Providing address.Codec from github.com/cosmos/cosmos-sdk/runtime.ProvideAddressCodec (/Users/deeptanshusankhwar/go/pkg/mod/github.com/cosmos/cosmos-sdk@v0.50.13/runtime/module.go:284) to github.com/cosmos/cosmos-sdk/x/crisis.ProvideModule
  Providing types.Subspace from github.com/cosmos/cosmos-sdk/x/params.ProvideSubspace (/Users/deeptanshusankhwar/go/pkg/mod/github.com/cosmos/cosmos-sdk@v0.50.13/x/params/module.go:146) to github.com/cosmos/cosmos-sdk/x/crisis.ProvideModule
  Resolving dependencies for github.com/cosmos/cosmos-sdk/x/params.ProvideSubspace (/Users/deeptanshusankhwar/go/pkg/mod/github.com/cosmos/cosmos-sdk@v0.50.13/x/params/module.go:146)
   Providing ModuleKey crisis
   Providing keeper.Keeper from github.com/cosmos/cosmos-sdk/x/params.ProvideModule (/Users/deeptanshusankhwar/go/pkg/mod/github.com/cosmos/cosmos-sdk@v0.50.13/x/params/module.go:129) to github.com/cosmos/cosmos-sdk/x/params.ProvideSubspace
   Providing one-per-module type map map[string]types.KeyTable to github.com/cosmos/cosmos-sdk/x/params.ProvideSubspace from:
    gov: github.com/cosmos/cosmos-sdk/x/gov.ProvideKeyTable (/Users/deeptanshusankhwar/go/pkg/mod/github.com/cosmos/cosmos-sdk@v0.50.13/x/gov/module.go:218)
  Calling github.com/cosmos/cosmos-sdk/x/params.ProvideSubspace (/Users/deeptanshusankhwar/go/pkg/mod/github.com/cosmos/cosmos-sdk@v0.50.13/x/params/module.go:146)
 Calling github.com/cosmos/cosmos-sdk/x/crisis.ProvideModule (/Users/deeptanshusankhwar/go/pkg/mod/github.com/cosmos/cosmos-sdk@v0.50.13/x/crisis/module.go:197)
 Providing *keeper.Keeper from cosmossdk.io/x/upgrade.ProvideModule (/Users/deeptanshusankhwar/go/pkg/mod/cosmossdk.io/x/upgrade@v0.1.4/module.go:196) to mcpchain/app.New
 Resolving dependencies for cosmossdk.io/x/upgrade.ProvideModule (/Users/deeptanshusankhwar/go/pkg/mod/cosmossdk.io/x/upgrade@v0.1.4/module.go:196)
  Supplying *modulev1.Module from cosmossdk.io/depinject/appconfig.Compose (/Users/deeptanshusankhwar/go/pkg/mod/cosmossdk.io/depinject@v1.1.0/appconfig/config.go:145) to cosmossdk.io/x/upgrade.ProvideModule
  Providing store.KVStoreService from github.com/cosmos/cosmos-sdk/runtime.ProvideKVStoreService (/Users/deeptanshusankhwar/go/pkg/mod/github.com/cosmos/cosmos-sdk@v0.50.13/runtime/module.go:232) to cosmossdk.io/x/upgrade.ProvideModule
  Resolving dependencies for github.com/cosmos/cosmos-sdk/runtime.ProvideKVStoreService (/Users/deeptanshusankhwar/go/pkg/mod/github.com/cosmos/cosmos-sdk@v0.50.13/runtime/module.go:232)
   Supplying *runtimev1alpha1.Module from cosmossdk.io/depinject/appconfig.Compose (/Users/deeptanshusankhwar/go/pkg/mod/cosmossdk.io/depinject@v1.1.0/appconfig/config.go:145) to github.com/cosmos/cosmos-sdk/runtime.ProvideKVStoreService
   Providing ModuleKey upgrade
   Providing *runtime.AppBuilder from github.com/cosmos/cosmos-sdk/runtime.ProvideApp (/Users/deeptanshusankhwar/go/pkg/mod/github.com/cosmos/cosmos-sdk@v0.50.13/runtime/module.go:84) to github.com/cosmos/cosmos-sdk/runtime.ProvideKVStoreService
  Calling github.com/cosmos/cosmos-sdk/runtime.ProvideKVStoreService (/Users/deeptanshusankhwar/go/pkg/mod/github.com/cosmos/cosmos-sdk@v0.50.13/runtime/module.go:232)
  Providing codec.Codec from github.com/cosmos/cosmos-sdk/runtime.ProvideApp (/Users/deeptanshusankhwar/go/pkg/mod/github.com/cosmos/cosmos-sdk@v0.50.13/runtime/module.go:84) to cosmossdk.io/x/upgrade.ProvideModule
  Providing address.Codec from github.com/cosmos/cosmos-sdk/runtime.ProvideAddressCodec (/Users/deeptanshusankhwar/go/pkg/mod/github.com/cosmos/cosmos-sdk@v0.50.13/runtime/module.go:284) to cosmossdk.io/x/upgrade.ProvideModule
  Supplying *viper.Viper from mcpchain/app.New (/Users/deeptanshusankhwar/Documents/templates/MCPChain/mcpchain/app/app.go:215) to cosmossdk.io/x/upgrade.ProvideModule
  Supplying *viper.Viper from mcpchain/app.New (/Users/deeptanshusankhwar/Documents/templates/MCPChain/mcpchain/app/app.go:215) to cosmossdk.io/x/upgrade.ProvideModule
 Calling cosmossdk.io/x/upgrade.ProvideModule (/Users/deeptanshusankhwar/go/pkg/mod/cosmossdk.io/x/upgrade@v0.1.4/module.go:196)
 Providing keeper.Keeper from github.com/cosmos/cosmos-sdk/x/params.ProvideModule (/Users/deeptanshusankhwar/go/pkg/mod/github.com/cosmos/cosmos-sdk@v0.50.13/x/params/module.go:129) to mcpchain/app.New
 Providing keeper.Keeper from github.com/cosmos/cosmos-sdk/x/authz/module.ProvideModule (/Users/deeptanshusankhwar/go/pkg/mod/github.com/cosmos/cosmos-sdk@v0.50.13/x/authz/module/module.go:178) to mcpchain/app.New
 Resolving dependencies for github.com/cosmos/cosmos-sdk/x/authz/module.ProvideModule (/Users/deeptanshusankhwar/go/pkg/mod/github.com/cosmos/cosmos-sdk@v0.50.13/x/authz/module/module.go:178)
  Providing codec.Codec from github.com/cosmos/cosmos-sdk/runtime.ProvideApp (/Users/deeptanshusankhwar/go/pkg/mod/github.com/cosmos/cosmos-sdk@v0.50.13/runtime/module.go:84) to github.com/cosmos/cosmos-sdk/x/authz/module.ProvideModule
  Providing keeper.AccountKeeper from github.com/cosmos/cosmos-sdk/x/auth.ProvideModule (/Users/deeptanshusankhwar/go/pkg/mod/github.com/cosmos/cosmos-sdk@v0.50.13/x/auth/module.go:209) to github.com/cosmos/cosmos-sdk/x/authz/module.ProvideModule
  Providing keeper.BaseKeeper from github.com/cosmos/cosmos-sdk/x/bank.ProvideModule (/Users/deeptanshusankhwar/go/pkg/mod/github.com/cosmos/cosmos-sdk@v0.50.13/x/bank/module.go:227) to github.com/cosmos/cosmos-sdk/x/authz/module.ProvideModule
  Providing types.InterfaceRegistry from github.com/cosmos/cosmos-sdk/runtime.ProvideInterfaceRegistry (/Users/deeptanshusankhwar/go/pkg/mod/github.com/cosmos/cosmos-sdk@v0.50.13/runtime/module.go:164) to github.com/cosmos/cosmos-sdk/x/authz/module.ProvideModule
  Providing *baseapp.MsgServiceRouter from github.com/cosmos/cosmos-sdk/runtime.ProvideApp (/Users/deeptanshusankhwar/go/pkg/mod/github.com/cosmos/cosmos-sdk@v0.50.13/runtime/module.go:84) to github.com/cosmos/cosmos-sdk/x/authz/module.ProvideModule
  Providing store.KVStoreService from github.com/cosmos/cosmos-sdk/runtime.ProvideKVStoreService (/Users/deeptanshusankhwar/go/pkg/mod/github.com/cosmos/cosmos-sdk@v0.50.13/runtime/module.go:232) to github.com/cosmos/cosmos-sdk/x/authz/module.ProvideModule
  Resolving dependencies for github.com/cosmos/cosmos-sdk/runtime.ProvideKVStoreService (/Users/deeptanshusankhwar/go/pkg/mod/github.com/cosmos/cosmos-sdk@v0.50.13/runtime/module.go:232)
   Supplying *runtimev1alpha1.Module from cosmossdk.io/depinject/appconfig.Compose (/Users/deeptanshusankhwar/go/pkg/mod/cosmossdk.io/depinject@v1.1.0/appconfig/config.go:145) to github.com/cosmos/cosmos-sdk/runtime.ProvideKVStoreService
   Providing ModuleKey authz
   Providing *runtime.AppBuilder from github.com/cosmos/cosmos-sdk/runtime.ProvideApp (/Users/deeptanshusankhwar/go/pkg/mod/github.com/cosmos/cosmos-sdk@v0.50.13/runtime/module.go:84) to github.com/cosmos/cosmos-sdk/runtime.ProvideKVStoreService
  Calling github.com/cosmos/cosmos-sdk/runtime.ProvideKVStoreService (/Users/deeptanshusankhwar/go/pkg/mod/github.com/cosmos/cosmos-sdk@v0.50.13/runtime/module.go:232)
 Calling github.com/cosmos/cosmos-sdk/x/authz/module.ProvideModule (/Users/deeptanshusankhwar/go/pkg/mod/github.com/cosmos/cosmos-sdk@v0.50.13/x/authz/module/module.go:178)
 Providing keeper.Keeper from cosmossdk.io/x/evidence.ProvideModule (/Users/deeptanshusankhwar/go/pkg/mod/cosmossdk.io/x/evidence@v0.1.1/module.go:210) to mcpchain/app.New
 Resolving dependencies for cosmossdk.io/x/evidence.ProvideModule (/Users/deeptanshusankhwar/go/pkg/mod/cosmossdk.io/x/evidence@v0.1.1/module.go:210)
  Providing store.KVStoreService from github.com/cosmos/cosmos-sdk/runtime.ProvideKVStoreService (/Users/deeptanshusankhwar/go/pkg/mod/github.com/cosmos/cosmos-sdk@v0.50.13/runtime/module.go:232) to cosmossdk.io/x/evidence.ProvideModule
  Resolving dependencies for github.com/cosmos/cosmos-sdk/runtime.ProvideKVStoreService (/Users/deeptanshusankhwar/go/pkg/mod/github.com/cosmos/cosmos-sdk@v0.50.13/runtime/module.go:232)
   Supplying *runtimev1alpha1.Module from cosmossdk.io/depinject/appconfig.Compose (/Users/deeptanshusankhwar/go/pkg/mod/cosmossdk.io/depinject@v1.1.0/appconfig/config.go:145) to github.com/cosmos/cosmos-sdk/runtime.ProvideKVStoreService
   Providing ModuleKey evidence
   Providing *runtime.AppBuilder from github.com/cosmos/cosmos-sdk/runtime.ProvideApp (/Users/deeptanshusankhwar/go/pkg/mod/github.com/cosmos/cosmos-sdk@v0.50.13/runtime/module.go:84) to github.com/cosmos/cosmos-sdk/runtime.ProvideKVStoreService
  Calling github.com/cosmos/cosmos-sdk/runtime.ProvideKVStoreService (/Users/deeptanshusankhwar/go/pkg/mod/github.com/cosmos/cosmos-sdk@v0.50.13/runtime/module.go:232)
  Providing codec.Codec from github.com/cosmos/cosmos-sdk/runtime.ProvideApp (/Users/deeptanshusankhwar/go/pkg/mod/github.com/cosmos/cosmos-sdk@v0.50.13/runtime/module.go:84) to cosmossdk.io/x/evidence.ProvideModule
  Providing *keeper.Keeper from github.com/cosmos/cosmos-sdk/x/staking.ProvideModule (/Users/deeptanshusankhwar/go/pkg/mod/github.com/cosmos/cosmos-sdk@v0.50.13/x/staking/module.go:221) to cosmossdk.io/x/evidence.ProvideModule
  Providing keeper.Keeper from github.com/cosmos/cosmos-sdk/x/slashing.ProvideModule (/Users/deeptanshusankhwar/go/pkg/mod/github.com/cosmos/cosmos-sdk@v0.50.13/x/slashing/module.go:230) to cosmossdk.io/x/evidence.ProvideModule
  Providing address.Codec from github.com/cosmos/cosmos-sdk/runtime.ProvideAddressCodec (/Users/deeptanshusankhwar/go/pkg/mod/github.com/cosmos/cosmos-sdk@v0.50.13/runtime/module.go:284) to cosmossdk.io/x/evidence.ProvideModule
  Providing comet.BlockInfoService from github.com/cosmos/cosmos-sdk/runtime.ProvideCometInfoService (/Users/deeptanshusankhwar/go/pkg/mod/github.com/cosmos/cosmos-sdk@v0.50.13/runtime/module.go:252) to cosmossdk.io/x/evidence.ProvideModule
  Resolving dependencies for github.com/cosmos/cosmos-sdk/runtime.ProvideCometInfoService (/Users/deeptanshusankhwar/go/pkg/mod/github.com/cosmos/cosmos-sdk@v0.50.13/runtime/module.go:252)
  Calling github.com/cosmos/cosmos-sdk/runtime.ProvideCometInfoService (/Users/deeptanshusankhwar/go/pkg/mod/github.com/cosmos/cosmos-sdk@v0.50.13/runtime/module.go:252)
 Calling cosmossdk.io/x/evidence.ProvideModule (/Users/deeptanshusankhwar/go/pkg/mod/cosmossdk.io/x/evidence@v0.1.1/module.go:210)
 Providing keeper.Keeper from cosmossdk.io/x/feegrant/module.ProvideModule (/Users/deeptanshusankhwar/go/pkg/mod/cosmossdk.io/x/feegrant@v0.1.1/module/module.go:184) to mcpchain/app.New
 Providing keeper.Keeper from cosmossdk.io/x/nft/module.ProvideModule (/Users/deeptanshusankhwar/go/pkg/mod/cosmossdk.io/x/nft@v0.1.0/module/module.go:183) to mcpchain/app.New
 Resolving dependencies for cosmossdk.io/x/nft/module.ProvideModule (/Users/deeptanshusankhwar/go/pkg/mod/cosmossdk.io/x/nft@v0.1.0/module/module.go:183)
  Providing store.KVStoreService from github.com/cosmos/cosmos-sdk/runtime.ProvideKVStoreService (/Users/deeptanshusankhwar/go/pkg/mod/github.com/cosmos/cosmos-sdk@v0.50.13/runtime/module.go:232) to cosmossdk.io/x/nft/module.ProvideModule
  Resolving dependencies for github.com/cosmos/cosmos-sdk/runtime.ProvideKVStoreService (/Users/deeptanshusankhwar/go/pkg/mod/github.com/cosmos/cosmos-sdk@v0.50.13/runtime/module.go:232)
   Supplying *runtimev1alpha1.Module from cosmossdk.io/depinject/appconfig.Compose (/Users/deeptanshusankhwar/go/pkg/mod/cosmossdk.io/depinject@v1.1.0/appconfig/config.go:145) to github.com/cosmos/cosmos-sdk/runtime.ProvideKVStoreService
   Providing ModuleKey nft
   Providing *runtime.AppBuilder from github.com/cosmos/cosmos-sdk/runtime.ProvideApp (/Users/deeptanshusankhwar/go/pkg/mod/github.com/cosmos/cosmos-sdk@v0.50.13/runtime/module.go:84) to github.com/cosmos/cosmos-sdk/runtime.ProvideKVStoreService
  Calling github.com/cosmos/cosmos-sdk/runtime.ProvideKVStoreService (/Users/deeptanshusankhwar/go/pkg/mod/github.com/cosmos/cosmos-sdk@v0.50.13/runtime/module.go:232)
  Providing codec.Codec from github.com/cosmos/cosmos-sdk/runtime.ProvideApp (/Users/deeptanshusankhwar/go/pkg/mod/github.com/cosmos/cosmos-sdk@v0.50.13/runtime/module.go:84) to cosmossdk.io/x/nft/module.ProvideModule
  Providing types.InterfaceRegistry from github.com/cosmos/cosmos-sdk/runtime.ProvideInterfaceRegistry (/Users/deeptanshusankhwar/go/pkg/mod/github.com/cosmos/cosmos-sdk@v0.50.13/runtime/module.go:164) to cosmossdk.io/x/nft/module.ProvideModule
  Providing keeper.AccountKeeper from github.com/cosmos/cosmos-sdk/x/auth.ProvideModule (/Users/deeptanshusankhwar/go/pkg/mod/github.com/cosmos/cosmos-sdk@v0.50.13/x/auth/module.go:209) to cosmossdk.io/x/nft/module.ProvideModule
  Implicitly registering resolver keeper.BaseKeeper for interface type nft.BankKeeper
  Providing keeper.BaseKeeper from github.com/cosmos/cosmos-sdk/x/bank.ProvideModule (/Users/deeptanshusankhwar/go/pkg/mod/github.com/cosmos/cosmos-sdk@v0.50.13/x/bank/module.go:227) to cosmossdk.io/x/nft/module.ProvideModule
 Calling cosmossdk.io/x/nft/module.ProvideModule (/Users/deeptanshusankhwar/go/pkg/mod/cosmossdk.io/x/nft@v0.1.0/module/module.go:183)
 Providing keeper.Keeper from github.com/cosmos/cosmos-sdk/x/group/module.ProvideModule (/Users/deeptanshusankhwar/go/pkg/mod/github.com/cosmos/cosmos-sdk@v0.50.13/x/group/module/module.go:208) to mcpchain/app.New
 Resolving dependencies for github.com/cosmos/cosmos-sdk/x/group/module.ProvideModule (/Users/deeptanshusankhwar/go/pkg/mod/github.com/cosmos/cosmos-sdk@v0.50.13/x/group/module/module.go:208)
  Supplying *modulev1.Module from cosmossdk.io/depinject/appconfig.Compose (/Users/deeptanshusankhwar/go/pkg/mod/cosmossdk.io/depinject@v1.1.0/appconfig/config.go:145) to github.com/cosmos/cosmos-sdk/x/group/module.ProvideModule
  Providing *types.KVStoreKey from github.com/cosmos/cosmos-sdk/runtime.ProvideKVStoreKey (/Users/deeptanshusankhwar/go/pkg/mod/github.com/cosmos/cosmos-sdk@v0.50.13/runtime/module.go:201) to github.com/cosmos/cosmos-sdk/x/group/module.ProvideModule
  Resolving dependencies for github.com/cosmos/cosmos-sdk/runtime.ProvideKVStoreKey (/Users/deeptanshusankhwar/go/pkg/mod/github.com/cosmos/cosmos-sdk@v0.50.13/runtime/module.go:201)
   Supplying *runtimev1alpha1.Module from cosmossdk.io/depinject/appconfig.Compose (/Users/deeptanshusankhwar/go/pkg/mod/cosmossdk.io/depinject@v1.1.0/appconfig/config.go:145) to github.com/cosmos/cosmos-sdk/runtime.ProvideKVStoreKey
   Providing ModuleKey group
   Providing *runtime.AppBuilder from github.com/cosmos/cosmos-sdk/runtime.ProvideApp (/Users/deeptanshusankhwar/go/pkg/mod/github.com/cosmos/cosmos-sdk@v0.50.13/runtime/module.go:84) to github.com/cosmos/cosmos-sdk/runtime.ProvideKVStoreKey
  Calling github.com/cosmos/cosmos-sdk/runtime.ProvideKVStoreKey (/Users/deeptanshusankhwar/go/pkg/mod/github.com/cosmos/cosmos-sdk@v0.50.13/runtime/module.go:201)
  Providing codec.Codec from github.com/cosmos/cosmos-sdk/runtime.ProvideApp (/Users/deeptanshusankhwar/go/pkg/mod/github.com/cosmos/cosmos-sdk@v0.50.13/runtime/module.go:84) to github.com/cosmos/cosmos-sdk/x/group/module.ProvideModule
  Providing keeper.AccountKeeper from github.com/cosmos/cosmos-sdk/x/auth.ProvideModule (/Users/deeptanshusankhwar/go/pkg/mod/github.com/cosmos/cosmos-sdk@v0.50.13/x/auth/module.go:209) to github.com/cosmos/cosmos-sdk/x/group/module.ProvideModule
  Providing keeper.BaseKeeper from github.com/cosmos/cosmos-sdk/x/bank.ProvideModule (/Users/deeptanshusankhwar/go/pkg/mod/github.com/cosmos/cosmos-sdk@v0.50.13/x/bank/module.go:227) to github.com/cosmos/cosmos-sdk/x/group/module.ProvideModule
  Providing types.InterfaceRegistry from github.com/cosmos/cosmos-sdk/runtime.ProvideInterfaceRegistry (/Users/deeptanshusankhwar/go/pkg/mod/github.com/cosmos/cosmos-sdk@v0.50.13/runtime/module.go:164) to github.com/cosmos/cosmos-sdk/x/group/module.ProvideModule
  Providing *baseapp.MsgServiceRouter from github.com/cosmos/cosmos-sdk/runtime.ProvideApp (/Users/deeptanshusankhwar/go/pkg/mod/github.com/cosmos/cosmos-sdk@v0.50.13/runtime/module.go:84) to github.com/cosmos/cosmos-sdk/x/group/module.ProvideModule
 Calling github.com/cosmos/cosmos-sdk/x/group/module.ProvideModule (/Users/deeptanshusankhwar/go/pkg/mod/github.com/cosmos/cosmos-sdk@v0.50.13/x/group/module/module.go:208)
 Providing keeper.Keeper from cosmossdk.io/x/circuit.ProvideModule (/Users/deeptanshusankhwar/go/pkg/mod/cosmossdk.io/x/circuit@v0.1.1/module.go:150) to mcpchain/app.New
 Resolving dependencies for cosmossdk.io/x/circuit.ProvideModule (/Users/deeptanshusankhwar/go/pkg/mod/cosmossdk.io/x/circuit@v0.1.1/module.go:150)
  Supplying *modulev1.Module from cosmossdk.io/depinject/appconfig.Compose (/Users/deeptanshusankhwar/go/pkg/mod/cosmossdk.io/depinject@v1.1.0/appconfig/config.go:145) to cosmossdk.io/x/circuit.ProvideModule
  Providing codec.Codec from github.com/cosmos/cosmos-sdk/runtime.ProvideApp (/Users/deeptanshusankhwar/go/pkg/mod/github.com/cosmos/cosmos-sdk@v0.50.13/runtime/module.go:84) to cosmossdk.io/x/circuit.ProvideModule
  Providing store.KVStoreService from github.com/cosmos/cosmos-sdk/runtime.ProvideKVStoreService (/Users/deeptanshusankhwar/go/pkg/mod/github.com/cosmos/cosmos-sdk@v0.50.13/runtime/module.go:232) to cosmossdk.io/x/circuit.ProvideModule
  Resolving dependencies for github.com/cosmos/cosmos-sdk/runtime.ProvideKVStoreService (/Users/deeptanshusankhwar/go/pkg/mod/github.com/cosmos/cosmos-sdk@v0.50.13/runtime/module.go:232)
   Supplying *runtimev1alpha1.Module from cosmossdk.io/depinject/appconfig.Compose (/Users/deeptanshusankhwar/go/pkg/mod/cosmossdk.io/depinject@v1.1.0/appconfig/config.go:145) to github.com/cosmos/cosmos-sdk/runtime.ProvideKVStoreService
   Providing ModuleKey circuit
   Providing *runtime.AppBuilder from github.com/cosmos/cosmos-sdk/runtime.ProvideApp (/Users/deeptanshusankhwar/go/pkg/mod/github.com/cosmos/cosmos-sdk@v0.50.13/runtime/module.go:84) to github.com/cosmos/cosmos-sdk/runtime.ProvideKVStoreService
  Calling github.com/cosmos/cosmos-sdk/runtime.ProvideKVStoreService (/Users/deeptanshusankhwar/go/pkg/mod/github.com/cosmos/cosmos-sdk@v0.50.13/runtime/module.go:232)
  Providing address.Codec from github.com/cosmos/cosmos-sdk/runtime.ProvideAddressCodec (/Users/deeptanshusankhwar/go/pkg/mod/github.com/cosmos/cosmos-sdk@v0.50.13/runtime/module.go:284) to cosmossdk.io/x/circuit.ProvideModule
 Calling cosmossdk.io/x/circuit.ProvideModule (/Users/deeptanshusankhwar/go/pkg/mod/cosmossdk.io/x/circuit@v0.1.1/module.go:150)
 Providing keeper.Keeper from mcpchain/x/mcpchain/module.ProvideModule (/Users/deeptanshusankhwar/Documents/templates/MCPChain/mcpchain/x/mcpchain/module/module.go:194) to mcpchain/app.New
 Resolving dependencies for mcpchain/x/mcpchain/module.ProvideModule (/Users/deeptanshusankhwar/Documents/templates/MCPChain/mcpchain/x/mcpchain/module/module.go:194)
  Providing store.KVStoreService from github.com/cosmos/cosmos-sdk/runtime.ProvideKVStoreService (/Users/deeptanshusankhwar/go/pkg/mod/github.com/cosmos/cosmos-sdk@v0.50.13/runtime/module.go:232) to mcpchain/x/mcpchain/module.ProvideModule
  Resolving dependencies for github.com/cosmos/cosmos-sdk/runtime.ProvideKVStoreService (/Users/deeptanshusankhwar/go/pkg/mod/github.com/cosmos/cosmos-sdk@v0.50.13/runtime/module.go:232)
   Supplying *runtimev1alpha1.Module from cosmossdk.io/depinject/appconfig.Compose (/Users/deeptanshusankhwar/go/pkg/mod/cosmossdk.io/depinject@v1.1.0/appconfig/config.go:145) to github.com/cosmos/cosmos-sdk/runtime.ProvideKVStoreService
   Providing ModuleKey mcpchain
   Providing *runtime.AppBuilder from github.com/cosmos/cosmos-sdk/runtime.ProvideApp (/Users/deeptanshusankhwar/go/pkg/mod/github.com/cosmos/cosmos-sdk@v0.50.13/runtime/module.go:84) to github.com/cosmos/cosmos-sdk/runtime.ProvideKVStoreService
  Calling github.com/cosmos/cosmos-sdk/runtime.ProvideKVStoreService (/Users/deeptanshusankhwar/go/pkg/mod/github.com/cosmos/cosmos-sdk@v0.50.13/runtime/module.go:232)
  Providing codec.Codec from github.com/cosmos/cosmos-sdk/runtime.ProvideApp (/Users/deeptanshusankhwar/go/pkg/mod/github.com/cosmos/cosmos-sdk@v0.50.13/runtime/module.go:84) to mcpchain/x/mcpchain/module.ProvideModule
  Supplying *module.Module from cosmossdk.io/depinject/appconfig.Compose (/Users/deeptanshusankhwar/go/pkg/mod/cosmossdk.io/depinject@v1.1.0/appconfig/config.go:145) to mcpchain/x/mcpchain/module.ProvideModule
  Supplying log.zeroLogWrapper from mcpchain/app.New (/Users/deeptanshusankhwar/Documents/templates/MCPChain/mcpchain/app/app.go:215) to mcpchain/x/mcpchain/module.ProvideModule
  Providing keeper.AccountKeeper from github.com/cosmos/cosmos-sdk/x/auth.ProvideModule (/Users/deeptanshusankhwar/go/pkg/mod/github.com/cosmos/cosmos-sdk@v0.50.13/x/auth/module.go:209) to mcpchain/x/mcpchain/module.ProvideModule
  Providing keeper.BaseKeeper from github.com/cosmos/cosmos-sdk/x/bank.ProvideModule (/Users/deeptanshusankhwar/go/pkg/mod/github.com/cosmos/cosmos-sdk@v0.50.13/x/bank/module.go:227) to mcpchain/x/mcpchain/module.ProvideModule
 Calling mcpchain/x/mcpchain/module.ProvideModule (/Users/deeptanshusankhwar/Documents/templates/MCPChain/mcpchain/x/mcpchain/module/module.go:194)
 Error: can't resolve type mcpchain/x/toolregistry/keeper/keeper.Keeper for mcpchain/app.New (/Users/deeptanshusankhwar/Documents/templates/MCPChain/mcpchain/app/app.go:234):
	while resolving:
		keeper.Keeper for mcpchain/app.New (/Users/deeptanshusankhwar/Documents/templates/MCPChain/mcpchain/app/app.go:234)
		keeper.Keeper for mcpchain/app.New (/Users/deeptanshusankhwar/Documents/templates/MCPChain/mcpchain/app/app.go:234)
		keeper.Keeper for mcpchain/app.New (/Users/deeptanshusankhwar/Documents/templates/MCPChain/mcpchain/app/app.go:234)
		keeper.Keeper for mcpchain/app.New (/Users/deeptanshusankhwar/Documents/templates/MCPChain/mcpchain/app/app.go:234)
		keeper.Keeper for mcpchain/app.New (/Users/deeptanshusankhwar/Documents/templates/MCPChain/mcpchain/app/app.go:234)
		keeper.Keeper for mcpchain/app.New (/Users/deeptanshusankhwar/Documents/templates/MCPChain/mcpchain/app/app.go:234)
		keeper.Keeper for mcpchain/app.New (/Users/deeptanshusankhwar/Documents/templates/MCPChain/mcpchain/app/app.go:234)
		*keeper.Keeper for mcpchain/app.New (/Users/deeptanshusankhwar/Documents/templates/MCPChain/mcpchain/app/app.go:234)
		store.KVStoreService for github.com/cosmos/cosmos-sdk/x/crisis.ProvideModule (/Users/deeptanshusankhwar/go/pkg/mod/github.com/cosmos/cosmos-sdk@v0.50.13/x/crisis/module.go:197)
		*keeper.Keeper for mcpchain/app.New (/Users/deeptanshusankhwar/Documents/templates/MCPChain/mcpchain/app/app.go:234)
		depinject.OwnModuleKey for github.com/cosmos/cosmos-sdk/x/gov.ProvideModule (/Users/deeptanshusankhwar/go/pkg/mod/github.com/cosmos/cosmos-sdk@v0.50.13/x/gov/module.go:189)
		store.KVStoreService for github.com/cosmos/cosmos-sdk/x/gov.ProvideModule (/Users/deeptanshusankhwar/go/pkg/mod/github.com/cosmos/cosmos-sdk@v0.50.13/x/gov/module.go:189)
		*keeper.Keeper for mcpchain/app.New (/Users/deeptanshusankhwar/Documents/templates/MCPChain/mcpchain/app/app.go:234)
		types.InflationCalculationFn for github.com/cosmos/cosmos-sdk/x/mint.ProvideModule (/Users/deeptanshusankhwar/go/pkg/mod/github.com/cosmos/cosmos-sdk@v0.50.13/x/mint/module.go:221)
		store.KVStoreService for github.com/cosmos/cosmos-sdk/x/mint.ProvideModule (/Users/deeptanshusankhwar/go/pkg/mod/github.com/cosmos/cosmos-sdk@v0.50.13/x/mint/module.go:221)
		depinject.OwnModuleKey for github.com/cosmos/cosmos-sdk/x/mint.ProvideModule (/Users/deeptanshusankhwar/go/pkg/mod/github.com/cosmos/cosmos-sdk@v0.50.13/x/mint/module.go:221)
		keeper.Keeper for mcpchain/app.New (/Users/deeptanshusankhwar/Documents/templates/MCPChain/mcpchain/app/app.go:234)
		store.KVStoreService for github.com/cosmos/cosmos-sdk/x/slashing.ProvideModule (/Users/deeptanshusankhwar/go/pkg/mod/github.com/cosmos/cosmos-sdk@v0.50.13/x/slashing/module.go:230)
		keeper.Keeper for mcpchain/app.New (/Users/deeptanshusankhwar/Documents/templates/MCPChain/mcpchain/app/app.go:234)
		keeper.Keeper for mcpchain/app.New (/Users/deeptanshusankhwar/Documents/templates/MCPChain/mcpchain/app/app.go:234)
		store.KVStoreService for github.com/cosmos/cosmos-sdk/x/distribution.ProvideModule (/Users/deeptanshusankhwar/go/pkg/mod/github.com/cosmos/cosmos-sdk@v0.50.13/x/distribution/module.go:232)
		keeper.Keeper for mcpchain/app.New (/Users/deeptanshusankhwar/Documents/templates/MCPChain/mcpchain/app/app.go:234)
		store.KVStoreService for github.com/cosmos/cosmos-sdk/x/staking.ProvideModule (/Users/deeptanshusankhwar/go/pkg/mod/github.com/cosmos/cosmos-sdk@v0.50.13/x/staking/module.go:221)
		*keeper.Keeper for mcpchain/app.New (/Users/deeptanshusankhwar/Documents/templates/MCPChain/mcpchain/app/app.go:234)
		ante.FeegrantKeeper for github.com/cosmos/cosmos-sdk/x/auth/tx/config.ProvideModule (/Users/deeptanshusankhwar/go/pkg/mod/github.com/cosmos/cosmos-sdk@v0.50.13/x/auth/tx/config/config.go:70)
		depinject.ModuleKey for github.com/cosmos/cosmos-sdk/x/params.ProvideSubspace (/Users/deeptanshusankhwar/go/pkg/mod/github.com/cosmos/cosmos-sdk@v0.50.13/x/params/module.go:146)
		exported.Subspace for github.com/cosmos/cosmos-sdk/x/auth.ProvideModule (/Users/deeptanshusankhwar/go/pkg/mod/github.com/cosmos/cosmos-sdk@v0.50.13/x/auth/module.go:209)
		func() types.AccountI for github.com/cosmos/cosmos-sdk/x/auth.ProvideModule (/Users/deeptanshusankhwar/go/pkg/mod/github.com/cosmos/cosmos-sdk@v0.50.13/x/auth/module.go:209)
		types.RandomGenesisAccountsFn for github.com/cosmos/cosmos-sdk/x/auth.ProvideModule (/Users/deeptanshusankhwar/go/pkg/mod/github.com/cosmos/cosmos-sdk@v0.50.13/x/auth/module.go:209)
		store.KVStoreService for github.com/cosmos/cosmos-sdk/x/auth.ProvideModule (/Users/deeptanshusankhwar/go/pkg/mod/github.com/cosmos/cosmos-sdk@v0.50.13/x/auth/module.go:209)
		types.AccountKeeper for github.com/cosmos/cosmos-sdk/x/bank.ProvideModule (/Users/deeptanshusankhwar/go/pkg/mod/github.com/cosmos/cosmos-sdk@v0.50.13/x/bank/module.go:227)
		store.KVStoreService for github.com/cosmos/cosmos-sdk/x/bank.ProvideModule (/Users/deeptanshusankhwar/go/pkg/mod/github.com/cosmos/cosmos-sdk@v0.50.13/x/bank/module.go:227)
		types.BankKeeper for github.com/cosmos/cosmos-sdk/x/auth/tx/config.ProvideModule (/Users/deeptanshusankhwar/go/pkg/mod/github.com/cosmos/cosmos-sdk@v0.50.13/x/auth/tx/config/config.go:70)
		client.TxConfig for mcpchain/app.New (/Users/deeptanshusankhwar/Documents/templates/MCPChain/mcpchain/app/app.go:234)
		address.Codec for github.com/cosmos/cosmos-sdk/runtime.ProvideInterfaceRegistry (/Users/deeptanshusankhwar/go/pkg/mod/github.com/cosmos/cosmos-sdk@v0.50.13/runtime/module.go:164)
		types.InterfaceRegistry for github.com/cosmos/cosmos-sdk/runtime.ProvideApp (/Users/deeptanshusankhwar/go/pkg/mod/github.com/cosmos/cosmos-sdk@v0.50.13/runtime/module.go:84)
		*runtime.AppBuilder for mcpchain/app.New (/Users/deeptanshusankhwar/Documents/templates/MCPChain/mcpchain/app/app.go:234)

 Saved graph of container to /Users/deeptanshusankhwar/Documents/templates/MCPChain/debug_container.dot
